This is XeTeX, Version 3.141592653-2.6-0.999996 (TeX Live 2024) (preloaded format=xelatex 2024.8.20)  4 JUL 2025 02:06
entering extended mode
 \write18 enabled.
 %&-line parsing enabled.
**Algorithm-template.tex
(./Algorithm-template.tex
LaTeX2e <2023-11-01> patch level 1
L3 programming layer <2024-02-20>
(/usr/local/texlive/2024/texmf-dist/tex/latex/ctex/ctexart.cls
(/usr/local/texlive/2024/texmf-dist/tex/latex/ctex/config/ctexbackend.cfg
File: ctexbackend.cfg 2022/07/14 v2.5.10 Backend configuration file (CTEX)
)
(/usr/local/texlive/2024/texmf-dist/tex/latex/l3kernel/expl3.sty
Package: expl3 2024-02-20 L3 programming layer (loader) 

(/usr/local/texlive/2024/texmf-dist/tex/latex/l3backend/l3backend-xetex.def
File: l3backend-xetex.def 2024-02-20 L3 backend support: XeTeX
\g__graphics_track_int=\count184
\l__pdf_internal_box=\box51
\g__pdf_backend_object_int=\count185
\g__pdf_backend_annotation_int=\count186
\g__pdf_backend_link_int=\count187
))
Document Class: ctexart 2022/07/14 v2.5.10 Chinese adapter for class article (C
TEX)
(/usr/local/texlive/2024/texmf-dist/tex/latex/ctex/ctexhook.sty
Package: ctexhook 2022/07/14 v2.5.10 Document and package hooks (CTEX)
)
(/usr/local/texlive/2024/texmf-dist/tex/latex/ctex/ctexpatch.sty
Package: ctexpatch 2022/07/14 v2.5.10 Patching commands (CTEX)
)
(/usr/local/texlive/2024/texmf-dist/tex/latex/base/fix-cm.sty
Package: fix-cm 2020/11/24 v1.1t fixes to LaTeX

(/usr/local/texlive/2024/texmf-dist/tex/latex/base/ts1enc.def
File: ts1enc.def 2001/06/05 v3.0e (jk/car/fm) Standard LaTeX file
LaTeX Font Info:    Redeclaring font encoding TS1 on input line 47.
))
\l__ctex_tmp_int=\count188
\l__ctex_tmp_box=\box52
\l__ctex_tmp_dim=\dimen140
\g__ctex_section_depth_int=\count189
\g__ctex_font_size_int=\count190

(/usr/local/texlive/2024/texmf-dist/tex/latex/ctex/config/ctexopts.cfg
File: ctexopts.cfg 2022/07/14 v2.5.10 Option configuration file (CTEX)
)
(/usr/local/texlive/2024/texmf-dist/tex/latex/base/article.cls
Document Class: article 2023/05/17 v1.4n Standard LaTeX document class
(/usr/local/texlive/2024/texmf-dist/tex/latex/base/size10.clo
File: size10.clo 2023/05/17 v1.4n Standard LaTeX file (size option)
)
\c@part=\count191
\c@section=\count192
\c@subsection=\count193
\c@subsubsection=\count194
\c@paragraph=\count195
\c@subparagraph=\count196
\c@figure=\count197
\c@table=\count198
\abovecaptionskip=\skip48
\belowcaptionskip=\skip49
\bibindent=\dimen141
)
(/usr/local/texlive/2024/texmf-dist/tex/latex/ctex/engine/ctex-engine-xetex.def
File: ctex-engine-xetex.def 2022/07/14 v2.5.10 XeLaTeX adapter (CTEX)
(/usr/local/texlive/2024/texmf-dist/tex/xelatex/xecjk/xeCJK.sty
Package: xeCJK 2022/08/05 v3.9.1 Typesetting CJK scripts with XeLaTeX

(/usr/local/texlive/2024/texmf-dist/tex/latex/l3packages/xtemplate/xtemplate.st
y
(/usr/local/texlive/2024/texmf-dist/tex/latex/l3packages/xtemplate/xtemplate-20
23-10-10.sty
Package: xtemplate 2023-10-10 L3 Experimental prototype document functions
\l__xtemplate_tmp_dim=\dimen142
\l__xtemplate_tmp_int=\count199
\l__xtemplate_tmp_muskip=\muskip16
\l__xtemplate_tmp_skip=\skip50
))
\l__xeCJK_tmp_int=\count266
\l__xeCJK_tmp_box=\box53
\l__xeCJK_tmp_dim=\dimen143
\l__xeCJK_tmp_skip=\skip51
\g__xeCJK_space_factor_int=\count267
\l__xeCJK_begin_int=\count268
\l__xeCJK_end_int=\count269
\c__xeCJK_CJK_class_int=\XeTeXcharclass1
\c__xeCJK_FullLeft_class_int=\XeTeXcharclass2
\c__xeCJK_FullRight_class_int=\XeTeXcharclass3
\c__xeCJK_HalfLeft_class_int=\XeTeXcharclass4
\c__xeCJK_HalfRight_class_int=\XeTeXcharclass5
\c__xeCJK_NormalSpace_class_int=\XeTeXcharclass6
\c__xeCJK_CM_class_int=\XeTeXcharclass7
\c__xeCJK_HangulJamo_class_int=\XeTeXcharclass8
\l__xeCJK_last_skip=\skip52
\c__xeCJK_none_node=\count270
\g__xeCJK_node_int=\count271
\c__xeCJK_CJK_node_dim=\dimen144
\c__xeCJK_CJK-space_node_dim=\dimen145
\c__xeCJK_default_node_dim=\dimen146
\c__xeCJK_CJK-widow_node_dim=\dimen147
\c__xeCJK_normalspace_node_dim=\dimen148
\c__xeCJK_default-space_node_skip=\skip53
\l__xeCJK_ccglue_skip=\skip54
\l__xeCJK_ecglue_skip=\skip55
\l__xeCJK_punct_kern_skip=\skip56
\l__xeCJK_indent_box=\box54
\l__xeCJK_last_penalty_int=\count272
\l__xeCJK_last_bound_dim=\dimen149
\l__xeCJK_last_kern_dim=\dimen150
\l__xeCJK_widow_penalty_int=\count273

Package xtemplate Info: Declaring object type 'xeCJK/punctuation' taking 0
(xtemplate)             argument(s) on line 2396.

\l__xeCJK_fixed_punct_width_dim=\dimen151
\l__xeCJK_mixed_punct_width_dim=\dimen152
\l__xeCJK_middle_punct_width_dim=\dimen153
\l__xeCJK_fixed_margin_width_dim=\dimen154
\l__xeCJK_mixed_margin_width_dim=\dimen155
\l__xeCJK_middle_margin_width_dim=\dimen156
\l__xeCJK_bound_punct_width_dim=\dimen157
\l__xeCJK_bound_margin_width_dim=\dimen158
\l__xeCJK_margin_minimum_dim=\dimen159
\l__xeCJK_kerning_total_width_dim=\dimen160
\l__xeCJK_same_align_margin_dim=\dimen161
\l__xeCJK_different_align_margin_dim=\dimen162
\l__xeCJK_kerning_margin_width_dim=\dimen163
\l__xeCJK_kerning_margin_minimum_dim=\dimen164
\l__xeCJK_bound_dim=\dimen165
\l__xeCJK_reverse_bound_dim=\dimen166
\l__xeCJK_margin_dim=\dimen167
\l__xeCJK_minimum_bound_dim=\dimen168
\l__xeCJK_kerning_margin_dim=\dimen169
\g__xeCJK_family_int=\count274
\l__xeCJK_fam_int=\count275
\g__xeCJK_fam_allocation_int=\count276
\l__xeCJK_verb_case_int=\count277
\l__xeCJK_verb_exspace_skip=\skip57

(/usr/local/texlive/2024/texmf-dist/tex/latex/fontspec/fontspec.sty
(/usr/local/texlive/2024/texmf-dist/tex/latex/l3packages/xparse/xparse.sty
Package: xparse 2024-02-18 L3 Experimental document command parser
)
Package: fontspec 2024/02/13 v2.9a Font selection for XeLaTeX and LuaLaTeX

(/usr/local/texlive/2024/texmf-dist/tex/latex/fontspec/fontspec-xetex.sty
Package: fontspec-xetex 2024/02/13 v2.9a Font selection for XeLaTeX and LuaLaTe
X
\l__fontspec_script_int=\count278
\l__fontspec_language_int=\count279
\l__fontspec_strnum_int=\count280
\l__fontspec_tmp_int=\count281
\l__fontspec_tmpa_int=\count282
\l__fontspec_tmpb_int=\count283
\l__fontspec_tmpc_int=\count284
\l__fontspec_em_int=\count285
\l__fontspec_emdef_int=\count286
\l__fontspec_strong_int=\count287
\l__fontspec_strongdef_int=\count288
\l__fontspec_tmpa_dim=\dimen170
\l__fontspec_tmpb_dim=\dimen171
\l__fontspec_tmpc_dim=\dimen172

(/usr/local/texlive/2024/texmf-dist/tex/latex/base/fontenc.sty
Package: fontenc 2021/04/29 v2.0v Standard LaTeX package
)
(/usr/local/texlive/2024/texmf-dist/tex/latex/fontspec/fontspec.cfg)))
(/usr/local/texlive/2024/texmf-dist/tex/xelatex/xecjk/xeCJK.cfg
File: xeCJK.cfg 2022/08/05 v3.9.1 Configuration file for xeCJK package
))
\ccwd=\dimen173
\l__ctex_ccglue_skip=\skip58
)
\l__ctex_ziju_dim=\dimen174

(/usr/local/texlive/2024/texmf-dist/tex/latex/zhnumber/zhnumber.sty
Package: zhnumber 2022/07/14 v3.0 Typesetting numbers with Chinese glyphs
\l__zhnum_scale_int=\count289
\l__zhnum_tmp_int=\count290

(/usr/local/texlive/2024/texmf-dist/tex/latex/zhnumber/zhnumber-utf8.cfg
File: zhnumber-utf8.cfg 2022/07/14 v3.0 Chinese numerals with UTF8 encoding
))
\l__ctex_heading_skip=\skip59

(/usr/local/texlive/2024/texmf-dist/tex/latex/ctex/scheme/ctex-scheme-chinese-a
rticle.def
File: ctex-scheme-chinese-article.def 2022/07/14 v2.5.10 Chinese scheme for art
icle (CTEX)

(/usr/local/texlive/2024/texmf-dist/tex/latex/ctex/config/ctex-name-utf8.cfg
File: ctex-name-utf8.cfg 2022/07/14 v2.5.10 Caption with encoding UTF-8 (CTEX)
))
(/usr/local/texlive/2024/texmf-dist/tex/latex/ctex/ctex-c5size.clo
File: ctex-c5size.clo 2022/07/14 v2.5.10 c5size option (CTEX)
))
(/usr/local/texlive/2024/texmf-dist/tex/latex/ctex/config/ctex.cfg
File: ctex.cfg 2022/07/14 v2.5.10 Configuration file (CTEX)
)
(/usr/local/texlive/2024/texmf-dist/tex/latex/amsmath/amsmath.sty
Package: amsmath 2023/05/13 v2.17o AMS math features
\@mathmargin=\skip60

For additional information on amsmath, use the `?' option.
(/usr/local/texlive/2024/texmf-dist/tex/latex/amsmath/amstext.sty
Package: amstext 2021/08/26 v2.01 AMS text

(/usr/local/texlive/2024/texmf-dist/tex/latex/amsmath/amsgen.sty
File: amsgen.sty 1999/11/30 v2.0 generic functions
\@emptytoks=\toks17
\ex@=\dimen175
))
(/usr/local/texlive/2024/texmf-dist/tex/latex/amsmath/amsbsy.sty
Package: amsbsy 1999/11/29 v1.2d Bold Symbols
\pmbraise@=\dimen176
)
(/usr/local/texlive/2024/texmf-dist/tex/latex/amsmath/amsopn.sty
Package: amsopn 2022/04/08 v2.04 operator names
)
\inf@bad=\count291
LaTeX Info: Redefining \frac on input line 234.
\uproot@=\count292
\leftroot@=\count293
LaTeX Info: Redefining \overline on input line 399.
LaTeX Info: Redefining \colon on input line 410.
\classnum@=\count294
\DOTSCASE@=\count295
LaTeX Info: Redefining \ldots on input line 496.
LaTeX Info: Redefining \dots on input line 499.
LaTeX Info: Redefining \cdots on input line 620.
\Mathstrutbox@=\box55
\strutbox@=\box56
LaTeX Info: Redefining \big on input line 722.
LaTeX Info: Redefining \Big on input line 723.
LaTeX Info: Redefining \bigg on input line 724.
LaTeX Info: Redefining \Bigg on input line 725.
\big@size=\dimen177
LaTeX Font Info:    Redeclaring font encoding OML on input line 743.
LaTeX Font Info:    Redeclaring font encoding OMS on input line 744.
\macc@depth=\count296
LaTeX Info: Redefining \bmod on input line 905.
LaTeX Info: Redefining \pmod on input line 910.
LaTeX Info: Redefining \smash on input line 940.
LaTeX Info: Redefining \relbar on input line 970.
LaTeX Info: Redefining \Relbar on input line 971.
\c@MaxMatrixCols=\count297
\dotsspace@=\muskip17
\c@parentequation=\count298
\dspbrk@lvl=\count299
\tag@help=\toks18
\row@=\count300
\column@=\count301
\maxfields@=\count302
\andhelp@=\toks19
\eqnshift@=\dimen178
\alignsep@=\dimen179
\tagshift@=\dimen180
\tagwidth@=\dimen181
\totwidth@=\dimen182
\lineht@=\dimen183
\@envbody=\toks20
\multlinegap=\skip61
\multlinetaggap=\skip62
\mathdisplay@stack=\toks21
LaTeX Info: Redefining \[ on input line 2953.
LaTeX Info: Redefining \] on input line 2954.
)
(/usr/local/texlive/2024/texmf-dist/tex/latex/amscls/amsthm.sty
Package: amsthm 2020/05/29 v2.20.6
\thm@style=\toks22
\thm@bodyfont=\toks23
\thm@headfont=\toks24
\thm@notefont=\toks25
\thm@headpunct=\toks26
\thm@preskip=\skip63
\thm@postskip=\skip64
\thm@headsep=\skip65
\dth@everypar=\toks27
)
(/usr/local/texlive/2024/texmf-dist/tex/latex/minted/minted.sty
Package: minted 2023/12/18 v2.9 Yet another Pygments shim for LaTeX

(/usr/local/texlive/2024/texmf-dist/tex/latex/graphics/keyval.sty
Package: keyval 2022/05/29 v1.15 key=value parser (DPC)
\KV@toks@=\toks28
)
(/usr/local/texlive/2024/texmf-dist/tex/latex/kvoptions/kvoptions.sty
Package: kvoptions 2022-06-15 v3.15 Key value format for package options (HO)

(/usr/local/texlive/2024/texmf-dist/tex/generic/ltxcmds/ltxcmds.sty
Package: ltxcmds 2023-12-04 v1.26 LaTeX kernel commands for general use (HO)
)
(/usr/local/texlive/2024/texmf-dist/tex/latex/kvsetkeys/kvsetkeys.sty
Package: kvsetkeys 2022-10-05 v1.19 Key value parser (HO)
))
(/usr/local/texlive/2024/texmf-dist/tex/latex/fvextra/fvextra.sty
Package: fvextra 2023/11/28 v1.6.1 fvextra - extensions and patches for fancyvr
b

(/usr/local/texlive/2024/texmf-dist/tex/latex/etoolbox/etoolbox.sty
Package: etoolbox 2020/10/05 v2.5k e-TeX tools for LaTeX (JAW)
\etb@tempcnta=\count303
)
(/usr/local/texlive/2024/texmf-dist/tex/latex/fancyvrb/fancyvrb.sty
Package: fancyvrb 2024/01/20 4.5c verbatim text (tvz,hv)
\FV@CodeLineNo=\count304
\FV@InFile=\read2
\FV@TabBox=\box57
\c@FancyVerbLine=\count305
\FV@StepNumber=\count306
\FV@OutFile=\write3
)
(/usr/local/texlive/2024/texmf-dist/tex/latex/upquote/upquote.sty
Package: upquote 2012/04/19 v1.3 upright-quote and grave-accent glyphs in verba
tim

(/usr/local/texlive/2024/texmf-dist/tex/latex/base/textcomp.sty
Package: textcomp 2020/02/02 v2.0n Standard LaTeX package
))
(/usr/local/texlive/2024/texmf-dist/tex/latex/lineno/lineno.sty
Package: lineno 2023/05/20 line numbers on paragraphs v5.3
Invalid UTF-8 byte or sequence at line 292 replaced by U+FFFD.
\linenopenalty=\count307
\output=\toks29
\linenoprevgraf=\count308
\linenumbersep=\dimen184
\linenumberwidth=\dimen185
\c@linenumber=\count309
\c@pagewiselinenumber=\count310
\c@LN@truepage=\count311
\c@internallinenumber=\count312
\c@internallinenumbers=\count313
\quotelinenumbersep=\dimen186
\bframerule=\dimen187
\bframesep=\dimen188
\bframebox=\box58
\linenoamsmath@ams@eqpen=\count314
LaTeX Info: Redefining \\ on input line 3180.
)
\c@FancyVerbWriteLine=\count315
\c@FancyVerbBufferIndex=\count316
\c@FancyVerbBufferLength=\count317
\c@FancyVerbBufferLine=\count318
\c@FV@oldbufferlength=\count319
\c@FV@TrueTabGroupLevel=\count320
\c@FV@TrueTabCounter=\count321
\FV@TabBox@Group=\box59
\FV@TmpLength=\skip66
\c@FV@HighlightLinesStart=\count322
\c@FV@HighlightLinesStop=\count323
\FV@LoopCount=\count324
\FV@NCharsBox=\box60
\FV@BreakIndent=\dimen189
\FV@BreakIndentNChars=\count325
\FV@BreakSymbolSepLeft=\dimen190
\FV@BreakSymbolSepLeftNChars=\count326
\FV@BreakSymbolSepRight=\dimen191
\FV@BreakSymbolSepRightNChars=\count327
\FV@BreakSymbolIndentLeft=\dimen192
\FV@BreakSymbolIndentLeftNChars=\count328
\FV@BreakSymbolIndentRight=\dimen193
\FV@BreakSymbolIndentRightNChars=\count329
\c@FancyVerbLineBreakLast=\count330
\FV@LineBox=\box61
\FV@LineIndentBox=\box62
\c@FV@BreakBufferDepth=\count331
\FV@LineWidth=\dimen194
)
(/usr/local/texlive/2024/texmf-dist/tex/latex/base/ifthen.sty
Package: ifthen 2022/04/13 v1.1d Standard LaTeX ifthen package (DPC)
)
(/usr/local/texlive/2024/texmf-dist/tex/latex/tools/shellesc.sty
Package: shellesc 2023/07/08 v1.0d unified shell escape interface for LaTeX
Package shellesc Info: Unrestricted shell escape enabled on input line 75.
)
(/usr/local/texlive/2024/texmf-dist/tex/latex/ifplatform/ifplatform.sty
Package: ifplatform 2017/10/13 v0.4a Testing for the operating system

(/usr/local/texlive/2024/texmf-dist/tex/generic/pdftexcmds/pdftexcmds.sty
Package: pdftexcmds 2020-06-27 v0.33 Utility functions of pdfTeX for LuaTeX (HO
)

(/usr/local/texlive/2024/texmf-dist/tex/generic/infwarerr/infwarerr.sty
Package: infwarerr 2019/12/03 v1.5 Providing info/warning/error messages (HO)
)
(/usr/local/texlive/2024/texmf-dist/tex/generic/iftex/iftex.sty
Package: iftex 2022/02/03 v1.0f TeX engine tests
)
Package pdftexcmds Info: \pdf@primitive is available.
Package pdftexcmds Info: \pdf@ifprimitive is available.
Package pdftexcmds Info: \pdfdraftmode not found.
)
(/usr/local/texlive/2024/texmf-dist/tex/generic/catchfile/catchfile.sty
Package: catchfile 2019/12/09 v1.8 Catch the contents of a file (HO)

(/usr/local/texlive/2024/texmf-dist/tex/generic/etexcmds/etexcmds.sty
Package: etexcmds 2019/12/15 v1.7 Avoid name clashes with e-TeX commands (HO)
))
(/usr/local/texlive/2024/texmf-dist/tex/generic/iftex/ifluatex.sty
Package: ifluatex 2019/10/25 v1.5 ifluatex legacy package. Use iftex instead.
)
runsystem(uname -s > "Algorithm-template.w18")...executed.


(./Algorithm-template.w18)
runsystem(rm -- "Algorithm-template.w18")...executed.

)
(/usr/local/texlive/2024/texmf-dist/tex/generic/xstring/xstring.sty
(/usr/local/texlive/2024/texmf-dist/tex/generic/xstring/xstring.tex
\xs_counta=\count332
\xs_countb=\count333
)
Package: xstring 2023/08/22 v1.86 String manipulations (CT)
)
(/usr/local/texlive/2024/texmf-dist/tex/latex/framed/framed.sty
Package: framed 2011/10/22 v 0.96: framed or shaded text with page breaks
\OuterFrameSep=\skip67
\fb@frw=\dimen195
\fb@frh=\dimen196
\FrameRule=\dimen197
\FrameSep=\dimen198
)
(/usr/local/texlive/2024/texmf-dist/tex/latex/float/float.sty
Package: float 2001/11/08 v1.3d Float enhancements (AL)
\c@float@type=\count334
\float@exts=\toks30
\float@box=\box63
\@float@everytoks=\toks31
\@floatcapt=\box64
)
\minted@appexistsfile=\read3
\minted@bgbox=\box65
\minted@code=\write4
\c@minted@FancyVerbLineTemp=\count335
\c@minted@pygmentizecounter=\count336
\@float@every@listing=\toks32
\c@listing=\count337
)
runsystem(mkdir -p _minted-Algorithm-template)...executed.


(/usr/local/texlive/2024/texmf-dist/tex/latex/xcolor/xcolor.sty
Package: xcolor 2023/11/15 v3.01 LaTeX color extensions (UK)

(/usr/local/texlive/2024/texmf-dist/tex/latex/graphics-cfg/color.cfg
File: color.cfg 2016/01/02 v1.6 sample color configuration
)
Package xcolor Info: Driver file: xetex.def on input line 274.

(/usr/local/texlive/2024/texmf-dist/tex/latex/graphics-def/xetex.def
File: xetex.def 2022/09/22 v5.0n Graphics/color driver for xetex
)
(/usr/local/texlive/2024/texmf-dist/tex/latex/graphics/mathcolor.ltx)
Package xcolor Info: Model `cmy' substituted by `cmy0' on input line 1350.
Package xcolor Info: Model `RGB' extended on input line 1366.
Package xcolor Info: Model `HTML' substituted by `rgb' on input line 1368.
Package xcolor Info: Model `Hsb' substituted by `hsb' on input line 1369.
Package xcolor Info: Model `tHsb' substituted by `hsb' on input line 1370.
Package xcolor Info: Model `HSB' substituted by `hsb' on input line 1371.
Package xcolor Info: Model `Gray' substituted by `gray' on input line 1372.
Package xcolor Info: Model `wave' substituted by `hsb' on input line 1373.
)
(/usr/local/texlive/2024/texmf-dist/tex/latex/geometry/geometry.sty
Package: geometry 2020/01/02 v5.9 Page Geometry

(/usr/local/texlive/2024/texmf-dist/tex/generic/iftex/ifvtex.sty
Package: ifvtex 2019/10/25 v1.7 ifvtex legacy package. Use iftex instead.
)
\Gm@cnth=\count338
\Gm@cntv=\count339
\c@Gm@tempcnt=\count340
\Gm@bindingoffset=\dimen199
\Gm@wd@mp=\dimen256
\Gm@odd@mp=\dimen257
\Gm@even@mp=\dimen258
\Gm@layoutwidth=\dimen259
\Gm@layoutheight=\dimen260
\Gm@layouthoffset=\dimen261
\Gm@layoutvoffset=\dimen262
\Gm@dimlist=\toks33
)
(/usr/local/texlive/2024/texmf-dist/tex/latex/graphics/graphicx.sty
Package: graphicx 2021/09/16 v1.2d Enhanced LaTeX Graphics (DPC,SPQR)

(/usr/local/texlive/2024/texmf-dist/tex/latex/graphics/graphics.sty
Package: graphics 2022/03/10 v1.4e Standard LaTeX Graphics (DPC,SPQR)

(/usr/local/texlive/2024/texmf-dist/tex/latex/graphics/trig.sty
Package: trig 2021/08/11 v1.11 sin cos tan (DPC)
)
(/usr/local/texlive/2024/texmf-dist/tex/latex/graphics-cfg/graphics.cfg
File: graphics.cfg 2016/06/04 v1.11 sample graphics configuration
)
Package graphics Info: Driver file: xetex.def on input line 107.
)
\Gin@req@height=\dimen263
\Gin@req@width=\dimen264
)
(/usr/local/texlive/2024/texmf-dist/tex/latex/fancyhdr/fancyhdr.sty
Package: fancyhdr 2022/11/09 v4.1 Extensive control of page headers and footers

\f@nch@headwidth=\skip68
\f@nch@O@elh=\skip69
\f@nch@O@erh=\skip70
\f@nch@O@olh=\skip71
\f@nch@O@orh=\skip72
\f@nch@O@elf=\skip73
\f@nch@O@erf=\skip74
\f@nch@O@olf=\skip75
\f@nch@O@orf=\skip76
)
(/usr/local/texlive/2024/texmf-dist/tex/latex/mathtools/mathtools.sty
Package: mathtools 2024/03/11 v1.30 mathematical typesetting tools

(/usr/local/texlive/2024/texmf-dist/tex/latex/tools/calc.sty
Package: calc 2023/07/08 v4.3 Infix arithmetic (KKT,FJ)
\calc@Acount=\count341
\calc@Bcount=\count342
\calc@Adimen=\dimen265
\calc@Bdimen=\dimen266
\calc@Askip=\skip77
\calc@Bskip=\skip78
LaTeX Info: Redefining \setlength on input line 80.
LaTeX Info: Redefining \addtolength on input line 81.
\calc@Ccount=\count343
\calc@Cskip=\skip79
)
(/usr/local/texlive/2024/texmf-dist/tex/latex/mathtools/mhsetup.sty
Package: mhsetup 2021/03/18 v1.4 programming setup (MH)
)
\g_MT_multlinerow_int=\count344
\l_MT_multwidth_dim=\dimen267
\origjot=\skip80
\l_MT_shortvdotswithinadjustabove_dim=\dimen268
\l_MT_shortvdotswithinadjustbelow_dim=\dimen269
\l_MT_above_intertext_sep=\dimen270
\l_MT_below_intertext_sep=\dimen271
\l_MT_above_shortintertext_sep=\dimen272
\l_MT_below_shortintertext_sep=\dimen273
\xmathstrut@box=\box66
\xmathstrut@dim=\dimen274
)
(/usr/local/texlive/2024/texmf-dist/tex/latex/amsfonts/amssymb.sty
Package: amssymb 2013/01/14 v3.01 AMS font symbols

(/usr/local/texlive/2024/texmf-dist/tex/latex/amsfonts/amsfonts.sty
Package: amsfonts 2013/01/14 v3.01 Basic AMSFonts support
\symAMSa=\mathgroup4
\symAMSb=\mathgroup5
LaTeX Font Info:    Redeclaring math symbol \hbar on input line 98.
LaTeX Font Info:    Overwriting math alphabet `\mathfrak' in version `bold'
(Font)                  U/euf/m/n --> U/euf/b/n on input line 106.
))
(/usr/local/texlive/2024/texmf-dist/tex/latex/hyperref/hyperref.sty
Package: hyperref 2024-01-20 v7.01h Hypertext links for LaTeX

(/usr/local/texlive/2024/texmf-dist/tex/generic/kvdefinekeys/kvdefinekeys.sty
Package: kvdefinekeys 2019-12-19 v1.6 Define keys (HO)
)
(/usr/local/texlive/2024/texmf-dist/tex/generic/pdfescape/pdfescape.sty
Package: pdfescape 2019/12/09 v1.15 Implements pdfTeX's escape features (HO)
)
(/usr/local/texlive/2024/texmf-dist/tex/latex/hycolor/hycolor.sty
Package: hycolor 2020-01-27 v1.10 Color options for hyperref/bookmark (HO)
)
(/usr/local/texlive/2024/texmf-dist/tex/latex/auxhook/auxhook.sty
Package: auxhook 2019-12-17 v1.6 Hooks for auxiliary files (HO)
)
(/usr/local/texlive/2024/texmf-dist/tex/latex/hyperref/nameref.sty
Package: nameref 2023-11-26 v2.56 Cross-referencing by name of section

(/usr/local/texlive/2024/texmf-dist/tex/latex/refcount/refcount.sty
Package: refcount 2019/12/15 v3.6 Data extraction from label references (HO)
)
(/usr/local/texlive/2024/texmf-dist/tex/generic/gettitlestring/gettitlestring.s
ty
Package: gettitlestring 2019/12/15 v1.6 Cleanup title references (HO)
)
\c@section@level=\count345
)
\@linkdim=\dimen275
\Hy@linkcounter=\count346
\Hy@pagecounter=\count347
 (/usr/local/texlive/2024/texmf-dist/tex/latex/hyperref/pd1enc.def
File: pd1enc.def 2024-01-20 v7.01h Hyperref: PDFDocEncoding definition (HO)
)
(/usr/local/texlive/2024/texmf-dist/tex/generic/intcalc/intcalc.sty
Package: intcalc 2019/12/15 v1.3 Expandable calculations with integers (HO)
)
\Hy@SavedSpaceFactor=\count348

(/usr/local/texlive/2024/texmf-dist/tex/latex/hyperref/puenc.def
File: puenc.def 2024-01-20 v7.01h Hyperref: PDF Unicode definition (HO)
)
Package hyperref Info: Option `unicode' set `true' on input line 4062.
Package hyperref Info: Hyper figures OFF on input line 4179.
Package hyperref Info: Link nesting OFF on input line 4184.
Package hyperref Info: Hyper index ON on input line 4187.
Package hyperref Info: Plain pages OFF on input line 4194.
Package hyperref Info: Backreferencing OFF on input line 4199.
Package hyperref Info: Implicit mode ON; LaTeX internals redefined.
Package hyperref Info: Bookmarks ON on input line 4446.
\c@Hy@tempcnt=\count349

(/usr/local/texlive/2024/texmf-dist/tex/latex/url/url.sty
\Urlmuskip=\muskip18
Package: url 2013/09/16  ver 3.4  Verb mode for urls, etc.
)
LaTeX Info: Redefining \url on input line 4784.
\XeTeXLinkMargin=\dimen276

(/usr/local/texlive/2024/texmf-dist/tex/generic/bitset/bitset.sty
Package: bitset 2019/12/09 v1.3 Handle bit-vector datatype (HO)

(/usr/local/texlive/2024/texmf-dist/tex/generic/bigintcalc/bigintcalc.sty
Package: bigintcalc 2019/12/15 v1.5 Expandable calculations on big integers (HO
)
))
\Fld@menulength=\count350
\Field@Width=\dimen277
\Fld@charsize=\dimen278
Package hyperref Info: Hyper figures OFF on input line 6063.
Package hyperref Info: Link nesting OFF on input line 6068.
Package hyperref Info: Hyper index ON on input line 6071.
Package hyperref Info: backreferencing OFF on input line 6078.
Package hyperref Info: Link coloring OFF on input line 6083.
Package hyperref Info: Link coloring with OCG OFF on input line 6088.
Package hyperref Info: PDF/A mode OFF on input line 6093.

(/usr/local/texlive/2024/texmf-dist/tex/latex/base/atbegshi-ltx.sty
Package: atbegshi-ltx 2021/01/10 v1.0c Emulation of the original atbegshi
package with kernel methods
)
\Hy@abspage=\count351
\c@Item=\count352
\c@Hfootnote=\count353
)
Package hyperref Info: Driver (autodetected): hxetex.

(/usr/local/texlive/2024/texmf-dist/tex/latex/hyperref/hxetex.def
File: hxetex.def 2024-01-20 v7.01h Hyperref driver for XeTeX

(/usr/local/texlive/2024/texmf-dist/tex/generic/stringenc/stringenc.sty
Package: stringenc 2019/11/29 v1.12 Convert strings between diff. encodings (HO
)
)
\pdfm@box=\box67
\c@Hy@AnnotLevel=\count354
\HyField@AnnotCount=\count355
\Fld@listcount=\count356
\c@bookmark@seq@number=\count357

(/usr/local/texlive/2024/texmf-dist/tex/latex/rerunfilecheck/rerunfilecheck.sty
Package: rerunfilecheck 2022-07-10 v1.10 Rerun checks for auxiliary files (HO)
(/usr/local/texlive/2024/texmf-dist/tex/latex/base/atveryend-ltx.sty
Package: atveryend-ltx 2020/08/19 v1.0a Emulation of the original atveryend pac
kage
with kernel methods
)
(/usr/local/texlive/2024/texmf-dist/tex/generic/uniquecounter/uniquecounter.sty
Package: uniquecounter 2019/12/15 v1.4 Provide unlimited unique counter (HO)
)
Package uniquecounter Info: New unique counter `rerunfilecheck' on input line 2
85.
)
\Hy@SectionHShift=\skip81
) (/usr/local/texlive/2024/texmf-dist/tex/latex/setspace/setspace.sty
Package: setspace 2022/12/04 v6.7b set line spacing
)
(/usr/local/texlive/2024/texmf-dist/tex/latex/titlesec/titlesec.sty
Package: titlesec 2023/10/27 v2.16 Sectioning titles
\ttl@box=\box68
\beforetitleunit=\skip82
\aftertitleunit=\skip83
\ttl@plus=\dimen279
\ttl@minus=\dimen280
\ttl@toksa=\toks34
\titlewidth=\dimen281
\titlewidthlast=\dimen282
\titlewidthfirst=\dimen283
)
Package hyperref Info: Option `colorlinks' set `true' on input line 42.

Package fontspec Info: Could not resolve font "PingFang SC/I" (it probably
(fontspec)             doesn't exist).


Package fontspec Info: Font family 'PingFangSC(0)' created for font 'PingFang
(fontspec)             SC' with options [Script={CJK}].
(fontspec)              
(fontspec)              This font family consists of the following NFSS
(fontspec)             series/shapes:
(fontspec)              
(fontspec)             - 'normal' (m/n) with NFSS spec.: <->"PingFang
(fontspec)             SC/OT:script=hani;language=dflt;"
(fontspec)             - 'small caps'  (m/sc) with NFSS spec.: 
(fontspec)             - 'bold' (b/n) with NFSS spec.: <->"PingFang
(fontspec)             SC/B/OT:script=hani;language=dflt;"
(fontspec)             - 'bold small caps'  (b/sc) with NFSS spec.: 
(fontspec)             - 'bold italic' (b/it) with NFSS spec.: <->"PingFang
(fontspec)             SC/BI/OT:script=hani;language=dflt;"
(fontspec)             - 'bold italic small caps'  (b/scit) with NFSS spec.: 



Package fontspec Warning: OpenType feature 'Numbers=Uppercase' (lnum) not
(fontspec)                available for font 'Fira Code' with script
(fontspec)                'CustomDefault' and language 'Default'.


Package fontspec Warning: OpenType feature 'Numbers=Uppercase' (lnum) not
(fontspec)                available for font 'Fira Code' with script
(fontspec)                'CustomDefault' and language 'Default'.


Package fontspec Warning: OpenType feature 'Numbers=Uppercase' (lnum) not
(fontspec)                available for font 'Fira Code' with script
(fontspec)                'CustomDefault' and language 'Default'.


Package fontspec Warning: OpenType feature 'Numbers=Uppercase' (lnum) not
(fontspec)                available for font 'Fira Code' with script
(fontspec)                'CustomDefault' and language 'Default'.


Package fontspec Warning: OpenType feature 'Numbers=Uppercase' (lnum) not
(fontspec)                available for font 'Fira Code/B' with script
(fontspec)                'CustomDefault' and language 'Default'.


Package fontspec Info: Font family 'FiraCode(0)' created for font 'Fira Code'
(fontspec)             with options
(fontspec)             [WordSpace={1,0,0},HyphenChar=None,PunctuationSpace=Word
Space,Ligatures=TeX,Contextuals=Alternate,ItalicFont=Fira
(fontspec)             Code,BoldFont=Fira
(fontspec)             Code,Numbers=Lining,RawFeature={+calt,+liga,+dlig,+ss01,
+ss02,+ss03,+ss04,+ss05,+ss06,+ss07}].
(fontspec)              
(fontspec)              This font family consists of the following NFSS
(fontspec)             series/shapes:
(fontspec)              
(fontspec)             - 'normal' (m/n) with NFSS spec.: <->"Fira
(fontspec)             Code/OT:script=latn;language=dflt;+calt;+calt,+liga,+dli
g,+ss01,+ss02,+ss03,+ss04,+ss05,+ss06,+ss07;mapping=tex-text;"
(fontspec)             - 'small caps'  (m/sc) with NFSS spec.: 
(fontspec)             and font adjustment code:
(fontspec)             \fontdimen 2\font =1\fontdimen 2\font \fontdimen 3\font
(fontspec)             =0\fontdimen 3\font \fontdimen 4\font =0\fontdimen
(fontspec)             4\font \fontdimen 7\font =0\fontdimen 2\font
(fontspec)             \tex_hyphenchar:D \font =-1\scan_stop: 
(fontspec)             - 'bold' (b/n) with NFSS spec.: <->"Fira
(fontspec)             Code/OT:script=latn;language=dflt;+calt;+calt,+liga,+dli
g,+ss01,+ss02,+ss03,+ss04,+ss05,+ss06,+ss07;mapping=tex-text;"
(fontspec)             - 'bold small caps'  (b/sc) with NFSS spec.: 
(fontspec)             and font adjustment code:
(fontspec)             \fontdimen 2\font =1\fontdimen 2\font \fontdimen 3\font
(fontspec)             =0\fontdimen 3\font \fontdimen 4\font =0\fontdimen
(fontspec)             4\font \fontdimen 7\font =0\fontdimen 2\font
(fontspec)             \tex_hyphenchar:D \font =-1\scan_stop: 
(fontspec)             - 'italic' (m/it) with NFSS spec.: <->"Fira
(fontspec)             Code/OT:script=latn;language=dflt;+calt;+calt,+liga,+dli
g,+ss01,+ss02,+ss03,+ss04,+ss05,+ss06,+ss07;mapping=tex-text;"
(fontspec)             - 'italic small caps'  (m/scit) with NFSS spec.: 
(fontspec)             and font adjustment code:
(fontspec)             \fontdimen 2\font =1\fontdimen 2\font \fontdimen 3\font
(fontspec)             =0\fontdimen 3\font \fontdimen 4\font =0\fontdimen
(fontspec)             4\font \fontdimen 7\font =0\fontdimen 2\font
(fontspec)             \tex_hyphenchar:D \font =-1\scan_stop: 
(fontspec)             - 'bold italic' (b/it) with NFSS spec.: <->"Fira
(fontspec)             Code/B/OT:script=latn;language=dflt;+calt;+calt,+liga,+d
lig,+ss01,+ss02,+ss03,+ss04,+ss05,+ss06,+ss07;mapping=tex-text;"
(fontspec)             - 'bold italic small caps'  (b/scit) with NFSS spec.: 
(fontspec)             and font adjustment code:
(fontspec)             \fontdimen 2\font =1\fontdimen 2\font \fontdimen 3\font
(fontspec)             =0\fontdimen 3\font \fontdimen 4\font =0\fontdimen
(fontspec)             4\font \fontdimen 7\font =0\fontdimen 2\font
(fontspec)             \tex_hyphenchar:D \font =-1\scan_stop: 

runsystem(command -v pygmentize && touch Algorithm-template.aex)...executed.

runsystem(rm Algorithm-template.aex)...executed.

(./Algorithm-template.aux)
\openout1 = `Algorithm-template.aux'.

LaTeX Font Info:    Checking defaults for OML/cmm/m/it on input line 143.
LaTeX Font Info:    ... okay on input line 143.
LaTeX Font Info:    Checking defaults for OMS/cmsy/m/n on input line 143.
LaTeX Font Info:    ... okay on input line 143.
LaTeX Font Info:    Checking defaults for OT1/cmr/m/n on input line 143.
LaTeX Font Info:    ... okay on input line 143.
LaTeX Font Info:    Checking defaults for T1/cmr/m/n on input line 143.
LaTeX Font Info:    ... okay on input line 143.
LaTeX Font Info:    Checking defaults for TS1/cmr/m/n on input line 143.
LaTeX Font Info:    ... okay on input line 143.
LaTeX Font Info:    Checking defaults for TU/lmr/m/n on input line 143.
LaTeX Font Info:    ... okay on input line 143.
LaTeX Font Info:    Checking defaults for OMX/cmex/m/n on input line 143.
LaTeX Font Info:    ... okay on input line 143.
LaTeX Font Info:    Checking defaults for U/cmr/m/n on input line 143.
LaTeX Font Info:    ... okay on input line 143.
LaTeX Font Info:    Checking defaults for PD1/pdf/m/n on input line 143.
LaTeX Font Info:    ... okay on input line 143.
LaTeX Font Info:    Checking defaults for PU/pdf/m/n on input line 143.
LaTeX Font Info:    ... okay on input line 143.

Package fontspec Info: Adjusting the maths setup (use [no-math] to avoid
(fontspec)             this).

\symlegacymaths=\mathgroup6
LaTeX Font Info:    Overwriting symbol font `legacymaths' in version `bold'
(Font)                  OT1/cmr/m/n --> OT1/cmr/bx/n on input line 143.
LaTeX Font Info:    Redeclaring math accent \acute on input line 143.
LaTeX Font Info:    Redeclaring math accent \grave on input line 143.
LaTeX Font Info:    Redeclaring math accent \ddot on input line 143.
LaTeX Font Info:    Redeclaring math accent \tilde on input line 143.
LaTeX Font Info:    Redeclaring math accent \bar on input line 143.
LaTeX Font Info:    Redeclaring math accent \breve on input line 143.
LaTeX Font Info:    Redeclaring math accent \check on input line 143.
LaTeX Font Info:    Redeclaring math accent \hat on input line 143.
LaTeX Font Info:    Redeclaring math accent \dot on input line 143.
LaTeX Font Info:    Redeclaring math accent \mathring on input line 143.
LaTeX Font Info:    Redeclaring math symbol \Gamma on input line 143.
LaTeX Font Info:    Redeclaring math symbol \Delta on input line 143.
LaTeX Font Info:    Redeclaring math symbol \Theta on input line 143.
LaTeX Font Info:    Redeclaring math symbol \Lambda on input line 143.
LaTeX Font Info:    Redeclaring math symbol \Xi on input line 143.
LaTeX Font Info:    Redeclaring math symbol \Pi on input line 143.
LaTeX Font Info:    Redeclaring math symbol \Sigma on input line 143.
LaTeX Font Info:    Redeclaring math symbol \Upsilon on input line 143.
LaTeX Font Info:    Redeclaring math symbol \Phi on input line 143.
LaTeX Font Info:    Redeclaring math symbol \Psi on input line 143.
LaTeX Font Info:    Redeclaring math symbol \Omega on input line 143.
LaTeX Font Info:    Redeclaring math symbol \mathdollar on input line 143.
LaTeX Font Info:    Redeclaring symbol font `operators' on input line 143.
LaTeX Font Info:    Encoding `OT1' has changed to `TU' for symbol font
(Font)              `operators' in the math version `normal' on input line 143.

LaTeX Font Info:    Overwriting symbol font `operators' in version `normal'
(Font)                  OT1/cmr/m/n --> TU/lmr/m/n on input line 143.
LaTeX Font Info:    Encoding `OT1' has changed to `TU' for symbol font
(Font)              `operators' in the math version `bold' on input line 143.
LaTeX Font Info:    Overwriting symbol font `operators' in version `bold'
(Font)                  OT1/cmr/bx/n --> TU/lmr/m/n on input line 143.
LaTeX Font Info:    Overwriting symbol font `operators' in version `normal'
(Font)                  TU/lmr/m/n --> TU/lmr/m/n on input line 143.
LaTeX Font Info:    Overwriting math alphabet `\mathit' in version `normal'
(Font)                  OT1/cmr/m/it --> TU/lmr/m/it on input line 143.
LaTeX Font Info:    Overwriting math alphabet `\mathbf' in version `normal'
(Font)                  OT1/cmr/bx/n --> TU/lmr/b/n on input line 143.
LaTeX Font Info:    Overwriting math alphabet `\mathsf' in version `normal'
(Font)                  OT1/cmss/m/n --> TU/lmss/m/n on input line 143.
LaTeX Font Info:    Overwriting math alphabet `\mathtt' in version `normal'
(Font)                  OT1/cmtt/m/n --> TU/FiraCode(0)/m/n on input line 143.
LaTeX Font Info:    Overwriting symbol font `operators' in version `bold'
(Font)                  TU/lmr/m/n --> TU/lmr/b/n on input line 143.
LaTeX Font Info:    Overwriting math alphabet `\mathit' in version `bold'
(Font)                  OT1/cmr/bx/it --> TU/lmr/b/it on input line 143.
LaTeX Font Info:    Overwriting math alphabet `\mathsf' in version `bold'
(Font)                  OT1/cmss/bx/n --> TU/lmss/b/n on input line 143.
LaTeX Font Info:    Overwriting math alphabet `\mathtt' in version `bold'
(Font)                  OT1/cmtt/m/n --> TU/FiraCode(0)/b/n on input line 143.

*geometry* driver: auto-detecting
*geometry* detected driver: xetex
*geometry* verbose mode - [ preamble ] result:
* driver: xetex
* paper: a4paper
* layout: <same size as paper>
* layoutoffset:(h,v)=(0.0pt,0.0pt)
* modes: 
* h-part:(L,W,R)=(39.83368pt, 529.22145pt, 28.45274pt)
* v-part:(T,H,B)=(51.21504pt, 776.75998pt, 17.07182pt)
* \paperwidth=597.50787pt
* \paperheight=845.04684pt
* \textwidth=529.22145pt
* \textheight=776.75998pt
* \oddsidemargin=-32.43631pt
* \evensidemargin=-32.43631pt
* \topmargin=-58.05495pt
* \headheight=13.0pt
* \headsep=8.0pt
* \topskip=10.0pt
* \footskip=12.0pt
* \marginparwidth=57.0pt
* \marginparsep=11.0pt
* \columnsep=8.0pt
* \skip\footins=9.0pt plus 4.0pt minus 2.0pt
* \hoffset=0.0pt
* \voffset=0.0pt
* \mag=1000
* \@twocolumnfalse
* \@twosidefalse
* \@mparswitchfalse
* \@reversemarginfalse
* (1in=72.27pt=25.4mm, 1cm=28.453pt)

Package hyperref Info: Link coloring ON on input line 143.
(./Algorithm-template.out) (./Algorithm-template.out)
\@outlinefile=\write5
\openout5 = `Algorithm-template.out'.

LaTeX Font Info:    Trying to load font information for U+msa on input line 146
.

(/usr/local/texlive/2024/texmf-dist/tex/latex/amsfonts/umsa.fd
File: umsa.fd 2013/01/14 v3.01 AMS symbols A
)
LaTeX Font Info:    Trying to load font information for U+msb on input line 146
.

(/usr/local/texlive/2024/texmf-dist/tex/latex/amsfonts/umsb.fd
File: umsb.fd 2013/01/14 v3.01 AMS symbols B
) [1

]
(./Algorithm-template.toc [1] [2])
\tf@toc=\write6
\openout6 = `Algorithm-template.toc'.

 [3]
\openout3 = `Algorithm-template.pyg'.


(./_minted-Algorithm-template/colorful.pygstyle)
(./_minted-Algorithm-template/8D15E3DDE65EEB4509480D9157701B3ED003ED8468FD80D7E
CC4EFD0E57BA4C5.pygtex)
\openout3 = `Algorithm-template.pyg'.


(./_minted-Algorithm-template/6E2B776DE24E7F4626C2A01D6D8814C3D003ED8468FD80D7E
CC4EFD0E57BA4C5.pygtex)
\openout3 = `Algorithm-template.pyg'.

runsystem(command -v python3 && touch Algorithm-template.aex)...executed.

runsystem(rm Algorithm-template.aex)...executed.

runsystem(python3 -c "import sys; import os; import textwrap; from io import op
en; fname = os.path.expanduser(os.path.expandvars(\"Algorithm-template.pyg\"));
 f = open(fname, \"r\", encoding=\"utf8\") if os.path.isfile(fname) else None; 
t = f.readlines() if f is not None else None; t_opt = t if t is not None else [
]; f.close() if f is not None else None; tmpfname = os.path.expanduser(os.path.
expandvars(\"Algorithm-template.pyg\")); f = open(tmpfname, \"w\", encoding=\"u
tf8\") if t is not None else None; fvstartnum = 0; fvstopnum = -1; s = max(0, f
vstartnum-1); e = max(s, fvstopnum) if fvstopnum > 0 else len(t_opt); [f.write(
textwrap.dedent(\"\".join(x))) for x in (t_opt[0:s], t_opt[s:e], t_opt[e:]) if 
x and t is not None]; f.close() if t is not None else os.remove(tmpfname);")...
executed.

runsystem(pygmentize -l 'cpp' -f latex -P commandprefix=PYG -F tokenmerge -P st
ripnl='False' -P encoding='utf8' -P texcomments='False' -P mathescape='False' -
o _minted-Algorithm-template/DA9E7A3C9CAA3D9F2E9A61F9BD97AC6BD003ED8468FD80D7EC
C4EFD0E57BA4C5.pygtex Algorithm-template.pyg)...executed.


(./_minted-Algorithm-template/DA9E7A3C9CAA3D9F2E9A61F9BD97AC6BD003ED8468FD80D7E
CC4EFD0E57BA4C5.pygtex) [1

]
Underfull \vbox (badness 10000) detected at line 323
 []


Underfull \vbox (badness 10000) detected at line 323
 []

[2]
\openout3 = `Algorithm-template.pyg'.

runsystem(python3 -c "import sys; import os; import textwrap; from io import op
en; fname = os.path.expanduser(os.path.expandvars(\"Algorithm-template.pyg\"));
 f = open(fname, \"r\", encoding=\"utf8\") if os.path.isfile(fname) else None; 
t = f.readlines() if f is not None else None; t_opt = t if t is not None else [
]; f.close() if f is not None else None; tmpfname = os.path.expanduser(os.path.
expandvars(\"Algorithm-template.pyg\")); f = open(tmpfname, \"w\", encoding=\"u
tf8\") if t is not None else None; fvstartnum = 0; fvstopnum = -1; s = max(0, f
vstartnum-1); e = max(s, fvstopnum) if fvstopnum > 0 else len(t_opt); [f.write(
textwrap.dedent(\"\".join(x))) for x in (t_opt[0:s], t_opt[s:e], t_opt[e:]) if 
x and t is not None]; f.close() if t is not None else os.remove(tmpfname);")...
executed.

runsystem(pygmentize -l 'cpp' -f latex -P commandprefix=PYG -F tokenmerge -P st
ripnl='False' -P encoding='utf8' -P texcomments='False' -P mathescape='False' -
o _minted-Algorithm-template/2178BD76B512F5A07D01BCD11651FA90D003ED8468FD80D7EC
C4EFD0E57BA4C5.pygtex Algorithm-template.pyg)...executed.


(./_minted-Algorithm-template/2178BD76B512F5A07D01BCD11651FA90D003ED8468FD80D7E
CC4EFD0E57BA4C5.pygtex)
\openout3 = `Algorithm-template.pyg'.

runsystem(python3 -c "import sys; import os; import textwrap; from io import op
en; fname = os.path.expanduser(os.path.expandvars(\"Algorithm-template.pyg\"));
 f = open(fname, \"r\", encoding=\"utf8\") if os.path.isfile(fname) else None; 
t = f.readlines() if f is not None else None; t_opt = t if t is not None else [
]; f.close() if f is not None else None; tmpfname = os.path.expanduser(os.path.
expandvars(\"Algorithm-template.pyg\")); f = open(tmpfname, \"w\", encoding=\"u
tf8\") if t is not None else None; fvstartnum = 0; fvstopnum = -1; s = max(0, f
vstartnum-1); e = max(s, fvstopnum) if fvstopnum > 0 else len(t_opt); [f.write(
textwrap.dedent(\"\".join(x))) for x in (t_opt[0:s], t_opt[s:e], t_opt[e:]) if 
x and t is not None]; f.close() if t is not None else os.remove(tmpfname);")...
executed.

runsystem(pygmentize -l 'cpp' -f latex -P commandprefix=PYG -F tokenmerge -P st
ripnl='False' -P encoding='utf8' -P texcomments='False' -P mathescape='False' -
o _minted-Algorithm-template/DE64F4B0DB35FE7178AFFFAF46543C9BD003ED8468FD80D7EC
C4EFD0E57BA4C5.pygtex Algorithm-template.pyg)...executed.


(./_minted-Algorithm-template/DE64F4B0DB35FE7178AFFFAF46543C9BD003ED8468FD80D7E
CC4EFD0E57BA4C5.pygtex)
\openout3 = `Algorithm-template.pyg'.


(./_minted-Algorithm-template/DFE674C877461E6F52279F704D7516C0D003ED8468FD80D7E
CC4EFD0E57BA4C5.pygtex) [3]
\openout3 = `Algorithm-template.pyg'.


(./_minted-Algorithm-template/0C9BC4BB2D5437E5F478D3CB6771E1C1D003ED8468FD80D7E
CC4EFD0E57BA4C5.pygtex)
\openout3 = `Algorithm-template.pyg'.


(./_minted-Algorithm-template/50321526106C5FE75F203AFE5BBD6B54D003ED8468FD80D7E
CC4EFD0E57BA4C5.pygtex) [4]
\openout3 = `Algorithm-template.pyg'.


(./_minted-Algorithm-template/6CB0A214BD9D0BCCFC53CC5FB56F99C3D003ED8468FD80D7E
CC4EFD0E57BA4C5.pygtex)
\openout3 = `Algorithm-template.pyg'.


(./_minted-Algorithm-template/2DDB0D6ED3BAF087256734418D1BB926D003ED8468FD80D7E
CC4EFD0E57BA4C5.pygtex)
\openout3 = `Algorithm-template.pyg'.


(./_minted-Algorithm-template/58B4DD1B2B5466FDB3FD5A37C8555574D003ED8468FD80D7E
CC4EFD0E57BA4C5.pygtex) [5]
\openout3 = `Algorithm-template.pyg'.


(./_minted-Algorithm-template/C9491F8471249DCFDD5A60F8234B94B1D003ED8468FD80D7E
CC4EFD0E57BA4C5.pygtex)
\openout3 = `Algorithm-template.pyg'.

 [6]
(./_minted-Algorithm-template/6F81C0625DDCECEB98BFF11B4EEFD2D8D003ED8468FD80D7E
CC4EFD0E57BA4C5.pygtex)
\openout3 = `Algorithm-template.pyg'.


(./_minted-Algorithm-template/18AFE939F519A8D0A7BA95310185F263D003ED8468FD80D7E
CC4EFD0E57BA4C5.pygtex)
\openout3 = `Algorithm-template.pyg'.


(./_minted-Algorithm-template/FD84141D4395519CE8F2A5D681B4E00BD003ED8468FD80D7E
CC4EFD0E57BA4C5.pygtex)
\openout3 = `Algorithm-template.pyg'.


(./_minted-Algorithm-template/146C643A3AA99A77120AE0E25E6FBA0BD003ED8468FD80D7E
CC4EFD0E57BA4C5.pygtex) [7]
\openout3 = `Algorithm-template.pyg'.


(./_minted-Algorithm-template/5EA832C5A959382A8748B0F812E84E61D003ED8468FD80D7E
CC4EFD0E57BA4C5.pygtex)
\openout3 = `Algorithm-template.pyg'.


(./_minted-Algorithm-template/50077DFD8BED1FB0D6F90B95E9FCA778D003ED8468FD80D7E
CC4EFD0E57BA4C5.pygtex) [8]
\openout3 = `Algorithm-template.pyg'.


(./_minted-Algorithm-template/2B125A623378C6267F109AD51FBF1D74D003ED8468FD80D7E
CC4EFD0E57BA4C5.pygtex)
\openout3 = `Algorithm-template.pyg'.


(./_minted-Algorithm-template/02250A91D105341024875B1F78D7DBF1D003ED8468FD80D7E
CC4EFD0E57BA4C5.pygtex) [9]
\openout3 = `Algorithm-template.pyg'.


(./_minted-Algorithm-template/AD66312DEB9480EBE238294F5D1A12EBD003ED8468FD80D7E
CC4EFD0E57BA4C5.pygtex) [10]
\openout3 = `Algorithm-template.pyg'.


(./_minted-Algorithm-template/EA587C8AA8BE831D7711282A2F1AC2E3D003ED8468FD80D7E
CC4EFD0E57BA4C5.pygtex)
\openout3 = `Algorithm-template.pyg'.

 [11]
(./_minted-Algorithm-template/0EB33E46BA835F7A1103C0D3F531A655D003ED8468FD80D7E
CC4EFD0E57BA4C5.pygtex)
\openout3 = `Algorithm-template.pyg'.


(./_minted-Algorithm-template/E9C6AC0073DC1F91E6F4F23C1FAFD5E5D003ED8468FD80D7E
CC4EFD0E57BA4C5.pygtex) [12]
\openout3 = `Algorithm-template.pyg'.


(./_minted-Algorithm-template/599CADE55E20AF0F37ACD9B18F67D84FD003ED8468FD80D7E
CC4EFD0E57BA4C5.pygtex) [13]
\openout3 = `Algorithm-template.pyg'.


(./_minted-Algorithm-template/DAA70CDAFD5AE0C27E2839A7BF7D54DAD003ED8468FD80D7E
CC4EFD0E57BA4C5.pygtex)
\openout3 = `Algorithm-template.pyg'.


(./_minted-Algorithm-template/D24F119569D3E371822CFD2282491704D003ED8468FD80D7E
CC4EFD0E57BA4C5.pygtex) [14]
\openout3 = `Algorithm-template.pyg'.


(./_minted-Algorithm-template/C26DD916BB979AA77A9C1B522B599F73D003ED8468FD80D7E
CC4EFD0E57BA4C5.pygtex)
\openout3 = `Algorithm-template.pyg'.


(./_minted-Algorithm-template/C697562E6D340121B58813FA1926C0EDD003ED8468FD80D7E
CC4EFD0E57BA4C5.pygtex) [15]
\openout3 = `Algorithm-template.pyg'.


(./_minted-Algorithm-template/8FAEEC1E7440170560975842B2E76C0DD003ED8468FD80D7E
CC4EFD0E57BA4C5.pygtex) [16]
Underfull \vbox (badness 10000) detected at line 1456
 []


Underfull \vbox (badness 10000) detected at line 1456
 []

[17]
\openout3 = `Algorithm-template.pyg'.


(./_minted-Algorithm-template/A75157B57F7506BD8CE404B149378B18D003ED8468FD80D7E
CC4EFD0E57BA4C5.pygtex)
\openout3 = `Algorithm-template.pyg'.


(./_minted-Algorithm-template/CE9C8975E22B27AC944AA34AD9F40F73D003ED8468FD80D7E
CC4EFD0E57BA4C5.pygtex) [18]
\openout3 = `Algorithm-template.pyg'.


(./_minted-Algorithm-template/01EC6BA76840ABDEAA1B48B0BFAF8EE5D003ED8468FD80D7E
CC4EFD0E57BA4C5.pygtex) [19]
\openout3 = `Algorithm-template.pyg'.


(./_minted-Algorithm-template/657A68C26F352902D2742AECE5F6CF2BD003ED8468FD80D7E
CC4EFD0E57BA4C5.pygtex) [20]
\openout3 = `Algorithm-template.pyg'.


(./_minted-Algorithm-template/CB7BF97583B57A2E2982A4C94F8A3C68D003ED8468FD80D7E
CC4EFD0E57BA4C5.pygtex) [21]
\openout3 = `Algorithm-template.pyg'.

 [22]
(./_minted-Algorithm-template/900449D694C37C698A5C0197BB79EB60D003ED8468FD80D7E
CC4EFD0E57BA4C5.pygtex)
\openout3 = `Algorithm-template.pyg'.


(./_minted-Algorithm-template/D3BED84755489BD32455580B7CBB059BD003ED8468FD80D7E
CC4EFD0E57BA4C5.pygtex) [23]
\openout3 = `Algorithm-template.pyg'.


(./_minted-Algorithm-template/0DAAA8986E483809356F15F705FD1BA4D003ED8468FD80D7E
CC4EFD0E57BA4C5.pygtex) [24]
Underfull \vbox (badness 10000) detected at line 2141
 []


Overfull \vbox (0.75598pt too high) detected at line 2141
 []

[25] [26]
\openout3 = `Algorithm-template.pyg'.


(./_minted-Algorithm-template/1703BFCDD9695C8B8E54655781F776DFD003ED8468FD80D7E
CC4EFD0E57BA4C5.pygtex) [27]
Underfull \vbox (badness 10000) detected at line 2330
 []


Underfull \vbox (badness 10000) detected at line 2330
 []

[28]
\openout3 = `Algorithm-template.pyg'.


(./_minted-Algorithm-template/1C56B9E135E07BEA4906D7E3E7CC660CD003ED8468FD80D7E
CC4EFD0E57BA4C5.pygtex) [29] [30] [31]
\openout3 = `Algorithm-template.pyg'.


(./_minted-Algorithm-template/A7ABE7216B2D74B11516E6A7DB08A88AD003ED8468FD80D7E
CC4EFD0E57BA4C5.pygtex) [32]
\openout3 = `Algorithm-template.pyg'.


(./_minted-Algorithm-template/4F2D75AB2693608CD7754A0582A6720DD003ED8468FD80D7E
CC4EFD0E57BA4C5.pygtex) [33]
\openout3 = `Algorithm-template.pyg'.


(./_minted-Algorithm-template/F7F02B229C091D77D6BCD5482890DD07D003ED8468FD80D7E
CC4EFD0E57BA4C5.pygtex) [34]
Underfull \vbox (badness 10000) detected at line 2922
 []


Underfull \vbox (badness 10000) detected at line 2922
 []

[35]
\openout3 = `Algorithm-template.pyg'.


(./_minted-Algorithm-template/92A5484B1611139F47F62E328F234A33D003ED8468FD80D7E
CC4EFD0E57BA4C5.pygtex)
Overfull \vbox (2.32817pt too high) detected at line 3028
 []

[36]
\openout3 = `Algorithm-template.pyg'.


(./_minted-Algorithm-template/596106655626A43A105C9C11760E7EDCD003ED8468FD80D7E
CC4EFD0E57BA4C5.pygtex)
Overfull \vbox (0.8678pt too high) detected at line 3093
 []

[37]
\openout3 = `Algorithm-template.pyg'.


(./_minted-Algorithm-template/573A078FCCC02E2BEB8298A42004BFBED003ED8468FD80D7E
CC4EFD0E57BA4C5.pygtex)
Overfull \vbox (1.06947pt too high) detected at line 3180
 []

[38]
\openout3 = `Algorithm-template.pyg'.


(./_minted-Algorithm-template/E57115F48275FA02AA2E6254086A09BCD003ED8468FD80D7E
CC4EFD0E57BA4C5.pygtex) [39] [40]
\openout3 = `Algorithm-template.pyg'.


(./_minted-Algorithm-template/A81D5A7C6E9B61EC8948859A1089B9E5D003ED8468FD80D7E
CC4EFD0E57BA4C5.pygtex) [41]
\openout3 = `Algorithm-template.pyg'.


(./_minted-Algorithm-template/43B10F4B1A49798C6B34168BC345CD09D003ED8468FD80D7E
CC4EFD0E57BA4C5.pygtex)
\openout3 = `Algorithm-template.pyg'.


(./_minted-Algorithm-template/9B1F197DACA961AFCFE0EEC6997D3D7FD003ED8468FD80D7E
CC4EFD0E57BA4C5.pygtex) [42]
\openout3 = `Algorithm-template.pyg'.


(./_minted-Algorithm-template/594CF535E97482B92EEC78AB49725CF1D003ED8468FD80D7E
CC4EFD0E57BA4C5.pygtex)
\openout3 = `Algorithm-template.pyg'.


(./_minted-Algorithm-template/F042125EFE54F9B89481FA5C29EC2D34D003ED8468FD80D7E
CC4EFD0E57BA4C5.pygtex) [43]
Underfull \vbox (badness 10000) detected at line 3627
 []


Underfull \vbox (badness 10000) detected at line 3627
 []

[44]
\openout3 = `Algorithm-template.pyg'.


(./_minted-Algorithm-template/065E7069346E07F20EC1909CA2356C7AD003ED8468FD80D7E
CC4EFD0E57BA4C5.pygtex) [45]
\openout3 = `Algorithm-template.pyg'.


(./_minted-Algorithm-template/A34DFA4B3F9242001BD6E8597B20B27CD003ED8468FD80D7E
CC4EFD0E57BA4C5.pygtex) [46]
\openout3 = `Algorithm-template.pyg'.


(./_minted-Algorithm-template/F30A8D23E6AB905B0B230A50859A751BD003ED8468FD80D7E
CC4EFD0E57BA4C5.pygtex) [47]
\openout3 = `Algorithm-template.pyg'.


(./_minted-Algorithm-template/2A94BC7BFDEAEDDA06C67FBFA3EFFE9DD003ED8468FD80D7E
CC4EFD0E57BA4C5.pygtex) [48]
\openout3 = `Algorithm-template.pyg'.


(./_minted-Algorithm-template/91476D8E84CE9086C737D358F547A3E9D003ED8468FD80D7E
CC4EFD0E57BA4C5.pygtex)
\openout3 = `Algorithm-template.pyg'.


(./_minted-Algorithm-template/D1D976F633B25C756337701AB752A561D003ED8468FD80D7E
CC4EFD0E57BA4C5.pygtex) [49]
\openout3 = `Algorithm-template.pyg'.


(./_minted-Algorithm-template/2649DC99B2FB2DBF2A7A64DAB439363AD003ED8468FD80D7E
CC4EFD0E57BA4C5.pygtex) [50]
\openout3 = `Algorithm-template.pyg'.


(./_minted-Algorithm-template/51121D4B8D98402C61BFE247AD8CC84BD003ED8468FD80D7E
CC4EFD0E57BA4C5.pygtex)
Overfull \vbox (1.20334pt too high) detected at line 4168
 []

[51]
\openout3 = `Algorithm-template.pyg'.


(./_minted-Algorithm-template/03156BEDFAFC1199995E6B1519351C55D003ED8468FD80D7E
CC4EFD0E57BA4C5.pygtex) [52]
\openout3 = `Algorithm-template.pyg'.


(./_minted-Algorithm-template/7F052CF808FAF2AAD3DFB5947CA634DAD003ED8468FD80D7E
CC4EFD0E57BA4C5.pygtex)
\openout3 = `Algorithm-template.pyg'.

 [53]
(./_minted-Algorithm-template/5020B1FB8D348B94C10E54DB139B5907D003ED8468FD80D7E
CC4EFD0E57BA4C5.pygtex)
\openout3 = `Algorithm-template.pyg'.


(./_minted-Algorithm-template/53AC9C5217992BE036172D597EBD9280D003ED8468FD80D7E
CC4EFD0E57BA4C5.pygtex) [54]
\openout3 = `Algorithm-template.pyg'.


(./_minted-Algorithm-template/EFE25D0ED807C9500280D25A0A42732CD003ED8468FD80D7E
CC4EFD0E57BA4C5.pygtex)
Overfull \vbox (0.42784pt too high) detected at line 4449
 []

[55]
\openout3 = `Algorithm-template.pyg'.


(./_minted-Algorithm-template/7803C6EEBB98DC134A8828527C1DC542D003ED8468FD80D7E
CC4EFD0E57BA4C5.pygtex)
\openout3 = `Algorithm-template.pyg'.


(./_minted-Algorithm-template/03A75B815F21760DF535F3288ED04E8FD003ED8468FD80D7E
CC4EFD0E57BA4C5.pygtex) [56]
\openout3 = `Algorithm-template.pyg'.


(./_minted-Algorithm-template/4FCCC39CF860EC9860E783E401163BA9D003ED8468FD80D7E
CC4EFD0E57BA4C5.pygtex)
Overfull \vbox (0.57275pt too high) detected at line 4611
 []

[57]
\openout3 = `Algorithm-template.pyg'.


(./_minted-Algorithm-template/A1B5729C1B39A54731B58C78354E7FDED003ED8468FD80D7E
CC4EFD0E57BA4C5.pygtex)
Overfull \vbox (1.95801pt too high) detected at line 4682
 []

[58]
\openout3 = `Algorithm-template.pyg'.


(./_minted-Algorithm-template/E4AB74EA26517CF79AE14B11BDDC3CD3D003ED8468FD80D7E
CC4EFD0E57BA4C5.pygtex)
Overfull \vbox (1.27467pt too high) detected at line 4773
 []

[59]
\openout3 = `Algorithm-template.pyg'.


(./_minted-Algorithm-template/3E309BC80B4A449D8122A1B952C44D86D003ED8468FD80D7E
CC4EFD0E57BA4C5.pygtex) [60]
\openout3 = `Algorithm-template.pyg'.


(./_minted-Algorithm-template/79F90B6EE356B00737FBE4757060A563D003ED8468FD80D7E
CC4EFD0E57BA4C5.pygtex)
\openout3 = `Algorithm-template.pyg'.


(./_minted-Algorithm-template/B25E8318EA57F1A36177A83040FB0367D003ED8468FD80D7E
CC4EFD0E57BA4C5.pygtex)
\openout3 = `Algorithm-template.pyg'.


(./_minted-Algorithm-template/0B0B5780FF1AE451602DCBACEEA977B2D003ED8468FD80D7E
CC4EFD0E57BA4C5.pygtex) [61]
\openout3 = `Algorithm-template.pyg'.


(./_minted-Algorithm-template/B3AC9D7F7341421EA8AC559DBC6C1B32D003ED8468FD80D7E
CC4EFD0E57BA4C5.pygtex)
\openout3 = `Algorithm-template.pyg'.


(./_minted-Algorithm-template/83A72DD2A8534FC0661B17A3EA4E45E9D003ED8468FD80D7E
CC4EFD0E57BA4C5.pygtex)
\openout3 = `Algorithm-template.pyg'.


(./_minted-Algorithm-template/60973CA384B7A0F2FFFB90D5EE3DB3E7D003ED8468FD80D7E
CC4EFD0E57BA4C5.pygtex) [62]
\openout3 = `Algorithm-template.pyg'.


(./_minted-Algorithm-template/31746E292F6C2E07E0BC4E78B1A38DAED003ED8468FD80D7E
CC4EFD0E57BA4C5.pygtex) [63]
\openout3 = `Algorithm-template.pyg'.

 [64]
(./_minted-Algorithm-template/CBB4DEF019C065CA316FFBC019ECE1F1D003ED8468FD80D7E
CC4EFD0E57BA4C5.pygtex)
\openout3 = `Algorithm-template.pyg'.


(./_minted-Algorithm-template/53085D1F8AE27FD43393D5D4DF9BE0C3D003ED8468FD80D7E
CC4EFD0E57BA4C5.pygtex) [65]
\openout3 = `Algorithm-template.pyg'.


(./_minted-Algorithm-template/2BFEB02D5043C464D85E585E52D99944D003ED8468FD80D7E
CC4EFD0E57BA4C5.pygtex)
Overfull \vbox (1.56331pt too high) detected at line 5296
 []

[66]
\openout3 = `Algorithm-template.pyg'.


(./_minted-Algorithm-template/EC142B249641D9887CC8366FEF842FECD003ED8468FD80D7E
CC4EFD0E57BA4C5.pygtex)
\openout3 = `Algorithm-template.pyg'.

 [67]
(./_minted-Algorithm-template/502D8FF347E960FC9546F7D1E10889C7D003ED8468FD80D7E
CC4EFD0E57BA4C5.pygtex) [68]
\openout3 = `Algorithm-template.pyg'.


(./_minted-Algorithm-template/E802FECBAF8C1802066B07485884FC85D003ED8468FD80D7E
CC4EFD0E57BA4C5.pygtex) [69]
\openout3 = `Algorithm-template.pyg'.


(./_minted-Algorithm-template/EC7B408D6FDB4D432DD16FF4FF6422FAD003ED8468FD80D7E
CC4EFD0E57BA4C5.pygtex)
\openout3 = `Algorithm-template.pyg'.

 [70]
(./_minted-Algorithm-template/CFADE864CBD7F6AF134D7DB60A4494FFD003ED8468FD80D7E
CC4EFD0E57BA4C5.pygtex)
\openout3 = `Algorithm-template.pyg'.


(./_minted-Algorithm-template/2D059BBD1D8F490C7FEDEF54E59FE07AD003ED8468FD80D7E
CC4EFD0E57BA4C5.pygtex)
\openout3 = `Algorithm-template.pyg'.


(./_minted-Algorithm-template/451640ABE869FABF57079013A79E69BCD003ED8468FD80D7E
CC4EFD0E57BA4C5.pygtex) [71]
Underfull \vbox (badness 10000) detected at line 5758
 []


Overfull \vbox (2.28018pt too high) detected at line 5758
 []

[72]
\openout3 = `Algorithm-template.pyg'.


(./_minted-Algorithm-template/58972ED0A3C60D85C269C70AEC408C3CD003ED8468FD80D7E
CC4EFD0E57BA4C5.pygtex)
\openout3 = `Algorithm-template.pyg'.


(./_minted-Algorithm-template/04558CF5D34D875A0EF6D2ECF0270766D003ED8468FD80D7E
CC4EFD0E57BA4C5.pygtex) [73]
\openout3 = `Algorithm-template.pyg'.


(./_minted-Algorithm-template/B270C0FC11BCAAA80F88D55D96F6810CD003ED8468FD80D7E
CC4EFD0E57BA4C5.pygtex) [74]
\openout3 = `Algorithm-template.pyg'.


(./_minted-Algorithm-template/42A14F8CDACE07E72196AADD44A1AA1DD003ED8468FD80D7E
CC4EFD0E57BA4C5.pygtex)
\openout3 = `Algorithm-template.pyg'.


(./_minted-Algorithm-template/A9466F99BCBE89C6104C774B69A2A564D003ED8468FD80D7E
CC4EFD0E57BA4C5.pygtex) [75]
\openout3 = `Algorithm-template.pyg'.


(./_minted-Algorithm-template/DF94711ED5ED2F4D43A24345A55A359ED003ED8468FD80D7E
CC4EFD0E57BA4C5.pygtex)
Overfull \vbox (1.62813pt too high) detected at line 6080
 []

[76]
\openout3 = `Algorithm-template.pyg'.


(./_minted-Algorithm-template/85633401D251F3CB2B6EE8DDD47D0D92D003ED8468FD80D7E
CC4EFD0E57BA4C5.pygtex)
\openout3 = `Algorithm-template.pyg'.


(./_minted-Algorithm-template/4FDF83B4584B09D29B582A7D2089FC5AD003ED8468FD80D7E
CC4EFD0E57BA4C5.pygtex) [77]
\openout3 = `Algorithm-template.pyg'.


(./_minted-Algorithm-template/69B79AC8E3614882A051715B270E6CA1D003ED8468FD80D7E
CC4EFD0E57BA4C5.pygtex)
\openout3 = `Algorithm-template.pyg'.


(./_minted-Algorithm-template/695F942431D8EB69C9AFF45BD067EF6AD003ED8468FD80D7E
CC4EFD0E57BA4C5.pygtex) [78]
\openout3 = `Algorithm-template.pyg'.


(./_minted-Algorithm-template/87953C588AA6795C3D9C3931360771F0D003ED8468FD80D7E
CC4EFD0E57BA4C5.pygtex) [79]
\openout3 = `Algorithm-template.pyg'.


(./_minted-Algorithm-template/65DA8A8E4E32AB87C9757F63F37D591BD003ED8468FD80D7E
CC4EFD0E57BA4C5.pygtex) [80]
\openout3 = `Algorithm-template.pyg'.


(./_minted-Algorithm-template/EFE4D647D65925283F50FEF34512131DD003ED8468FD80D7E
CC4EFD0E57BA4C5.pygtex)
\openout3 = `Algorithm-template.pyg'.


(./_minted-Algorithm-template/65B94016553D81E26A742322C2960D6DD003ED8468FD80D7E
CC4EFD0E57BA4C5.pygtex)
\openout3 = `Algorithm-template.pyg'.


(./_minted-Algorithm-template/6FEBD373905DCBAA935311E0A63B6539D003ED8468FD80D7E
CC4EFD0E57BA4C5.pygtex) [81]
\openout3 = `Algorithm-template.pyg'.


(./_minted-Algorithm-template/DD92BBE29566B3F8B2A2A46CDA7CB400D003ED8468FD80D7E
CC4EFD0E57BA4C5.pygtex)
\openout3 = `Algorithm-template.pyg'.


(./_minted-Algorithm-template/94659EB2342CEEF02443E061C610D241D003ED8468FD80D7E
CC4EFD0E57BA4C5.pygtex) [82]
\openout3 = `Algorithm-template.pyg'.


(./_minted-Algorithm-template/0298D70B66CFBA604270A65897107E65D003ED8468FD80D7E
CC4EFD0E57BA4C5.pygtex)
\openout3 = `Algorithm-template.pyg'.


(./_minted-Algorithm-template/1956ADBDDB5F1B3CF0B3DB1627129AA5D003ED8468FD80D7E
CC4EFD0E57BA4C5.pygtex) [83]
\openout3 = `Algorithm-template.pyg'.


(./_minted-Algorithm-template/3D5F6D692FEF7A199851A797117FF778D003ED8468FD80D7E
CC4EFD0E57BA4C5.pygtex) [84]
\openout3 = `Algorithm-template.pyg'.


(./_minted-Algorithm-template/88AB86469490A917B05136AD06B010E1D003ED8468FD80D7E
CC4EFD0E57BA4C5.pygtex) [85]
\openout3 = `Algorithm-template.pyg'.


(./_minted-Algorithm-template/53B7F05CB5F817FFC186C287A5B3BA5ED003ED8468FD80D7E
CC4EFD0E57BA4C5.pygtex) [86]
\openout3 = `Algorithm-template.pyg'.


(./_minted-Algorithm-template/71EAD02775B852232398DEB4032ABAECD003ED8468FD80D7E
CC4EFD0E57BA4C5.pygtex) [87]
\openout3 = `Algorithm-template.pyg'.


(./_minted-Algorithm-template/297603CF198A155D738D285FC295EBBED003ED8468FD80D7E
CC4EFD0E57BA4C5.pygtex) [88]
\openout3 = `Algorithm-template.pyg'.


(./_minted-Algorithm-template/644E01645D56A46B982C4B7A91D940D9D003ED8468FD80D7E
CC4EFD0E57BA4C5.pygtex)
Overfull \vbox (2.23367pt too high) detected at line 7157
 []

[89]
Underfull \vbox (badness 10000) detected at line 7157
 []


Overfull \vbox (2.4053pt too high) detected at line 7157
 []

[90]
\openout3 = `Algorithm-template.pyg'.


(./_minted-Algorithm-template/1E709E6748458B8C698DEE256346BCC8D003ED8468FD80D7E
CC4EFD0E57BA4C5.pygtex) [91]
\openout3 = `Algorithm-template.pyg'.


(./_minted-Algorithm-template/27DEBC01B0F73B3B911F6DB050E4EC80D003ED8468FD80D7E
CC4EFD0E57BA4C5.pygtex) [92]
\openout3 = `Algorithm-template.pyg'.


(./_minted-Algorithm-template/D2299033484B51DD681B0F86E0B7B7BBD003ED8468FD80D7E
CC4EFD0E57BA4C5.pygtex) [93]
\openout3 = `Algorithm-template.pyg'.


(./_minted-Algorithm-template/7F01A4E55F55AF091CE47F1FEDB9442ED003ED8468FD80D7E
CC4EFD0E57BA4C5.pygtex)
Overfull \vbox (1.12273pt too high) detected at line 7484
 []

[94]
\openout3 = `Algorithm-template.pyg'.


(./_minted-Algorithm-template/AD06BFF6DEC89DD175904CF9D78CA8C0D003ED8468FD80D7E
CC4EFD0E57BA4C5.pygtex)
\openout3 = `Algorithm-template.pyg'.

 [95]
(./_minted-Algorithm-template/2B8DCCB8940493126632265834C36EADD003ED8468FD80D7E
CC4EFD0E57BA4C5.pygtex)
Underfull \vbox (badness 10000) detected at line 7635
 []


Overfull \vbox (1.62729pt too high) detected at line 7635
 []

[96]
\openout3 = `Algorithm-template.pyg'.


(./_minted-Algorithm-template/46426E84AF2B360DA38D3398A431A9B4D003ED8468FD80D7E
CC4EFD0E57BA4C5.pygtex) [97]
\openout3 = `Algorithm-template.pyg'.

 [98]
(./_minted-Algorithm-template/69DF7F63786148650727328B2414D765D003ED8468FD80D7E
CC4EFD0E57BA4C5.pygtex)
\openout3 = `Algorithm-template.pyg'.


(./_minted-Algorithm-template/5F5F718FC061C5B38F81D794AA9867EAD003ED8468FD80D7E
CC4EFD0E57BA4C5.pygtex) [99]
\openout3 = `Algorithm-template.pyg'.


(./_minted-Algorithm-template/E6667B5C5AF79C6135B7816273CF2E7AD003ED8468FD80D7E
CC4EFD0E57BA4C5.pygtex)
\openout3 = `Algorithm-template.pyg'.


(./_minted-Algorithm-template/4CC303A656C1297B6B5DA2493178D38BD003ED8468FD80D7E
CC4EFD0E57BA4C5.pygtex) [100]
\openout3 = `Algorithm-template.pyg'.


(./_minted-Algorithm-template/988FA6605FEAE696B6886E93506596B6D003ED8468FD80D7E
CC4EFD0E57BA4C5.pygtex) [101]
\openout3 = `Algorithm-template.pyg'.


(./_minted-Algorithm-template/21236AD4699B8AA75745F4C4521EE799D003ED8468FD80D7E
CC4EFD0E57BA4C5.pygtex)
\openout3 = `Algorithm-template.pyg'.

 [102]
(./_minted-Algorithm-template/7635011915C9F1DC55706AA8FB2495DFD003ED8468FD80D7E
CC4EFD0E57BA4C5.pygtex)
\openout3 = `Algorithm-template.pyg'.


(./_minted-Algorithm-template/D2153974D2CF766E210DF67F2DF6D15BD003ED8468FD80D7E
CC4EFD0E57BA4C5.pygtex) [103]
\openout3 = `Algorithm-template.pyg'.


(./_minted-Algorithm-template/113BFF5453AF5E3F5FE3E686C17FE2BFD003ED8468FD80D7E
CC4EFD0E57BA4C5.pygtex)
\openout3 = `Algorithm-template.pyg'.


(./_minted-Algorithm-template/203C0C7CAD58F6FCAFCDA2899618449FD003ED8468FD80D7E
CC4EFD0E57BA4C5.pygtex)
\openout3 = `Algorithm-template.pyg'.


(./_minted-Algorithm-template/7B29535FDA6D839E8724079C6C7C1710D003ED8468FD80D7E
CC4EFD0E57BA4C5.pygtex) [104]
\openout3 = `Algorithm-template.pyg'.


(./_minted-Algorithm-template/1D0EE393F79F0CCF215D382B71ED890AD003ED8468FD80D7E
CC4EFD0E57BA4C5.pygtex) [105]
\openout3 = `Algorithm-template.pyg'.


(./_minted-Algorithm-template/3AD61910A6C9A73280B8560AF9D301B4D003ED8468FD80D7E
CC4EFD0E57BA4C5.pygtex) [106]
\openout3 = `Algorithm-template.pyg'.


(./_minted-Algorithm-template/056AD3E22280720462B584A78E99AF28D003ED8468FD80D7E
CC4EFD0E57BA4C5.pygtex)
\openout3 = `Algorithm-template.pyg'.

 [107]
(./_minted-Algorithm-template/203C0C7CAD58F6FCAFCDA2899618449FD003ED8468FD80D7E
CC4EFD0E57BA4C5.pygtex)
\openout3 = `Algorithm-template.pyg'.


(./_minted-Algorithm-template/D59DF1E2673420AE481F0E478E11AD49D003ED8468FD80D7E
CC4EFD0E57BA4C5.pygtex)
Overfull \vbox (0.58537pt too high) detected at line 8523
 []

[108] [109]
\openout3 = `Algorithm-template.pyg'.


(./_minted-Algorithm-template/A679D5385037C1A0CC41211B8918144BD003ED8468FD80D7E
CC4EFD0E57BA4C5.pygtex)
Underfull \vbox (badness 5217) detected at line 8755
 []

[110]
\openout3 = `Algorithm-template.pyg'.


(./_minted-Algorithm-template/B89DE62CB22DF37A32EC4955B86FDE70D003ED8468FD80D7E
CC4EFD0E57BA4C5.pygtex)
Overfull \vbox (0.28036pt too high) detected at line 8864
 []

[111]
\openout3 = `Algorithm-template.pyg'.


(./_minted-Algorithm-template/8EAC324146563DDFCACB95706D05DA5CD003ED8468FD80D7E
CC4EFD0E57BA4C5.pygtex) [112]
\openout3 = `Algorithm-template.pyg'.


(./_minted-Algorithm-template/2B8A75A71A223332193E46798562B6DBD003ED8468FD80D7E
CC4EFD0E57BA4C5.pygtex)
\openout3 = `Algorithm-template.pyg'.


(./_minted-Algorithm-template/E75C2F76D71027BEB24681911D98D595D003ED8468FD80D7E
CC4EFD0E57BA4C5.pygtex)
\openout3 = `Algorithm-template.pyg'.


(./_minted-Algorithm-template/6325DB89DC16F4E52FCBBD2DFF731ED9D003ED8468FD80D7E
CC4EFD0E57BA4C5.pygtex) [113]
\openout3 = `Algorithm-template.pyg'.


(./_minted-Algorithm-template/9D0D7DC740447441798929C4555A1AE4D003ED8468FD80D7E
CC4EFD0E57BA4C5.pygtex)
\openout3 = `Algorithm-template.pyg'.


(./_minted-Algorithm-template/EC7E12C710A03AE89E4B3345223E29F9D003ED8468FD80D7E
CC4EFD0E57BA4C5.pygtex)
\openout3 = `Algorithm-template.pyg'.


(./_minted-Algorithm-template/655E7EA6A06AC9148E2161A8F334511BD003ED8468FD80D7E
CC4EFD0E57BA4C5.pygtex) [114]
\openout3 = `Algorithm-template.pyg'.


(./_minted-Algorithm-template/A996AE839DFC1705A7E80F0C327490B4D003ED8468FD80D7E
CC4EFD0E57BA4C5.pygtex) [115]
\openout3 = `Algorithm-template.pyg'.


(./_minted-Algorithm-template/56FCE7E6C9B7F25B435AB7CCB9387689D003ED8468FD80D7E
CC4EFD0E57BA4C5.pygtex) [116]
\openout3 = `Algorithm-template.pyg'.


(./_minted-Algorithm-template/E4C9071061AD92739DB18779DBDDFDCCD003ED8468FD80D7E
CC4EFD0E57BA4C5.pygtex) [117]
\openout3 = `Algorithm-template.pyg'.


(./_minted-Algorithm-template/3740DCFB1BC8C202A10C803709FB7513D003ED8468FD80D7E
CC4EFD0E57BA4C5.pygtex)
\openout3 = `Algorithm-template.pyg'.


(./_minted-Algorithm-template/FAFC48887A043E6E537D1EB97B6A702ED003ED8468FD80D7E
CC4EFD0E57BA4C5.pygtex) [118]
\openout3 = `Algorithm-template.pyg'.


(./_minted-Algorithm-template/1537AB01417B89ABED0B4E3AEB772D93D003ED8468FD80D7E
CC4EFD0E57BA4C5.pygtex)
Missing character: There is no  (U+223C) in font [lmroman9-regular]:mapping=te
x-text;!
Missing character: There is no  (U+223C) in font [lmroman6-regular]:mapping=te
x-text;!
[119]
\openout3 = `Algorithm-template.pyg'.


(./_minted-Algorithm-template/F0FD77651C5C2ADA90042AFD7C1A6350D003ED8468FD80D7E
CC4EFD0E57BA4C5.pygtex) [120]
\openout3 = `Algorithm-template.pyg'.


(./_minted-Algorithm-template/4827CBF32B189EBF549E592554260DCED003ED8468FD80D7E
CC4EFD0E57BA4C5.pygtex) [121]
\openout3 = `Algorithm-template.pyg'.


(./_minted-Algorithm-template/DDEEAF959D4ECFD73900D743FAB2B335D003ED8468FD80D7E
CC4EFD0E57BA4C5.pygtex) [122]
Missing character: There is no  (U+7684) in font [lmroman9-regular]:mapping=te
x-text;!
Missing character: There is no  (U+6BCF) in font [lmroman9-regular]:mapping=te
x-text;!
Missing character: There is no  (U+4E2A) in font [lmroman9-regular]:mapping=te
x-text;!
Missing character: There is no  (U+524D) in font [lmroman9-regular]:mapping=te
x-text;!
Missing character: There is no  (U+7F00) in font [lmroman9-regular]:mapping=te
x-text;!
Missing character: There is no  (U+76F8) in font [lmroman9-regular]:mapping=te
x-text;!
Missing character: There is no  (U+4F3C) in font [lmroman9-regular]:mapping=te
x-text;!
Missing character: There is no  (U+76F8) in font [lmroman9-regular]:mapping=te
x-text;!
Missing character: There is no  (U+4F3C) in font [lmroman9-regular]:mapping=te
x-text;!
Missing character: There is no  (U+76F8) in font [lmroman9-regular]:mapping=te
x-text;!
Missing character: There is no  (U+4F3C) in font [lmroman9-regular]:mapping=te
x-text;!
Missing character: There is no  (U+4E0B) in font [lmroman9-regular]:mapping=te
x-text;!
Missing character: There is no  (U+7684) in font [lmroman9-regular]:mapping=te
x-text;!
Missing character: There is no  (U+76F8) in font [lmroman9-regular]:mapping=te
x-text;!
Missing character: There is no  (U+4F3C) in font [lmroman9-regular]:mapping=te
x-text;!
Missing character: There is no  (U+7684) in font [lmroman9-regular]:mapping=te
x-text;!
Missing character: There is no  (U+7684) in font [lmroman9-regular]:mapping=te
x-text;!
Missing character: There is no  (U+6240) in font [lmroman9-regular]:mapping=te
x-text;!
Missing character: There is no  (U+6709) in font [lmroman9-regular]:mapping=te
x-text;!
Missing character: There is no  (U+5C06) in font [lmroman9-regular]:mapping=te
x-text;!
Missing character: There is no  (U+548C) in font [lmroman9-regular]:mapping=te
x-text;!
Missing character: There is no  (U+8FDB) in font [lmroman9-regular]:mapping=te
x-text;!
Missing character: There is no  (U+884C) in font [lmroman9-regular]:mapping=te
x-text;!
Missing character: There is no  (U+5408) in font [lmroman9-regular]:mapping=te
x-text;!
Missing character: There is no  (U+5E76) in font [lmroman9-regular]:mapping=te
x-text;!
Missing character: There is no  (U+2200) in font [lmroman9-regular]:mapping=te
x-text;!
Missing character: There is no  (U+2208) in font [lmroman9-regular]:mapping=te
x-text;!
\openout3 = `Algorithm-template.pyg'.


(./_minted-Algorithm-template/2AC656C3ECE28DB3F18D05D75547705AD003ED8468FD80D7E
CC4EFD0E57BA4C5.pygtex)
Overfull \vbox (1.69313pt too high) detected at line 9779
 []

[123]
\openout3 = `Algorithm-template.pyg'.


(./_minted-Algorithm-template/34E1F4CF6518112AA7C02C6F0C99E3BED003ED8468FD80D7E
CC4EFD0E57BA4C5.pygtex)
\openout3 = `Algorithm-template.pyg'.


(./_minted-Algorithm-template/93E963950095B5C20A93554C76A50D76D003ED8468FD80D7E
CC4EFD0E57BA4C5.pygtex)
\openout3 = `Algorithm-template.pyg'.


(./_minted-Algorithm-template/AF02EACB2B197D253C93D0D668C4C90DD003ED8468FD80D7E
CC4EFD0E57BA4C5.pygtex) [124]
\openout3 = `Algorithm-template.pyg'.


(./_minted-Algorithm-template/D1351CF83BC055B0537BD9EB10D0A851D003ED8468FD80D7E
CC4EFD0E57BA4C5.pygtex) [125]
\openout3 = `Algorithm-template.pyg'.


(./_minted-Algorithm-template/8FC0E466DCB9543126F427F67EEC3CE3D003ED8468FD80D7E
CC4EFD0E57BA4C5.pygtex) [126]
Underfull \vbox (badness 10000) detected at line 10155
 []


Overfull \vbox (2.30563pt too high) detected at line 10155
 []

[127]
Underfull \vbox (badness 10000) detected at line 10155
 []


Underfull \vbox (badness 10000) detected at line 10155
 []

[128]
\openout3 = `Algorithm-template.pyg'.


(./_minted-Algorithm-template/607FC2D8276E8240DF714ACB693DDCFDD003ED8468FD80D7E
CC4EFD0E57BA4C5.pygtex) [129]
\openout3 = `Algorithm-template.pyg'.


(./_minted-Algorithm-template/F48E143D97BCFB21A8675FA4A6C36164D003ED8468FD80D7E
CC4EFD0E57BA4C5.pygtex) [130]
\openout3 = `Algorithm-template.pyg'.


(./_minted-Algorithm-template/BC9CFCE6718E8433DB21DBC02B0E31E4D003ED8468FD80D7E
CC4EFD0E57BA4C5.pygtex)
\openout3 = `Algorithm-template.pyg'.


(./_minted-Algorithm-template/74BC142494AB42CFA2A1D9D606A0E5F1D003ED8468FD80D7E
CC4EFD0E57BA4C5.pygtex) [131]
\openout3 = `Algorithm-template.pyg'.


(./_minted-Algorithm-template/BD263ECAE6BEE009E01105F04E906BB2D003ED8468FD80D7E
CC4EFD0E57BA4C5.pygtex) [132]
\openout3 = `Algorithm-template.pyg'.


(./_minted-Algorithm-template/2BCB32B0A195B46FA5466328E9E93B6CD003ED8468FD80D7E
CC4EFD0E57BA4C5.pygtex)
\openout3 = `Algorithm-template.pyg'.


(./_minted-Algorithm-template/AC1089EC0F65FC291215458D2DE34E4DD003ED8468FD80D7E
CC4EFD0E57BA4C5.pygtex) [133]
\openout3 = `Algorithm-template.pyg'.


(./_minted-Algorithm-template/8E3F22194764764E0E54B8C0DF54507BD003ED8468FD80D7E
CC4EFD0E57BA4C5.pygtex) [134]
\openout3 = `Algorithm-template.pyg'.


(./_minted-Algorithm-template/84F985AF103729CD0C7629DC1CC385E4D003ED8468FD80D7E
CC4EFD0E57BA4C5.pygtex)
\openout3 = `Algorithm-template.pyg'.


(./_minted-Algorithm-template/FF3772479F04370DD027F6B147825D50D003ED8468FD80D7E
CC4EFD0E57BA4C5.pygtex)
\openout3 = `Algorithm-template.pyg'.


(./_minted-Algorithm-template/C54FF293B23320B6F74603BE97BD1286D003ED8468FD80D7E
CC4EFD0E57BA4C5.pygtex)
\openout3 = `Algorithm-template.pyg'.


(./_minted-Algorithm-template/C3DC1D5701B7F89CAEE0C9760A8B00A4D003ED8468FD80D7E
CC4EFD0E57BA4C5.pygtex)
\openout3 = `Algorithm-template.pyg'.

 [135]
(./_minted-Algorithm-template/8DAF066A34DDD9E4E6F7B921464FD6B5D003ED8468FD80D7E
CC4EFD0E57BA4C5.pygtex)
\openout3 = `Algorithm-template.pyg'.


(./_minted-Algorithm-template/83A272C5ED7718E8F5F89FCA45EDC2EBD003ED8468FD80D7E
CC4EFD0E57BA4C5.pygtex)
\openout3 = `Algorithm-template.pyg'.


(./_minted-Algorithm-template/4605DEE5846746DC8C280DAE76855CF5D003ED8468FD80D7E
CC4EFD0E57BA4C5.pygtex) [136]
\openout3 = `Algorithm-template.pyg'.


(./_minted-Algorithm-template/4B5540A22E609AB6B424CE552705A2B7D003ED8468FD80D7E
CC4EFD0E57BA4C5.pygtex)
\openout3 = `Algorithm-template.pyg'.


(./_minted-Algorithm-template/60AA7DE00E51E241E5AD8FEDD71F0995D003ED8468FD80D7E
CC4EFD0E57BA4C5.pygtex) [137]
\openout3 = `Algorithm-template.pyg'.


(./_minted-Algorithm-template/5C0D804800EFC09FC81323575F7EFB62D003ED8468FD80D7E
CC4EFD0E57BA4C5.pygtex)
\openout3 = `Algorithm-template.pyg'.


(./_minted-Algorithm-template/46400007D2A6F6642E21FA8A99225EBCD003ED8468FD80D7E
CC4EFD0E57BA4C5.pygtex) [138]
Missing character: There is no  (U+5373) in font [lmroman9-regular]:mapping=te
x-text;!
\openout3 = `Algorithm-template.pyg'.


(./_minted-Algorithm-template/850C86E29F6696C9220F3D8942C91A1AD003ED8468FD80D7E
CC4EFD0E57BA4C5.pygtex) [139]
\openout3 = `Algorithm-template.pyg'.


(./_minted-Algorithm-template/8FB04F0C0DE131D0923E9EE93E26EDE2D003ED8468FD80D7E
CC4EFD0E57BA4C5.pygtex) [140]
\openout3 = `Algorithm-template.pyg'.


(./_minted-Algorithm-template/826326D1371029F9FD602D04963CBB15D003ED8468FD80D7E
CC4EFD0E57BA4C5.pygtex)
Overfull \vbox (0.41748pt too high) detected at line 11232
 []

[141]
Underfull \vbox (badness 10000) detected at line 11232
 []


Underfull \vbox (badness 10000) detected at line 11232
 []

[142]
\openout3 = `Algorithm-template.pyg'.


(./_minted-Algorithm-template/990C68247A813894281E584439A50D5CD003ED8468FD80D7E
CC4EFD0E57BA4C5.pygtex)
\openout3 = `Algorithm-template.pyg'.

 [143]
(./_minted-Algorithm-template/4778E927AE0192B3CC03A4E160F153CFD003ED8468FD80D7E
CC4EFD0E57BA4C5.pygtex)
\openout3 = `Algorithm-template.pyg'.


(./_minted-Algorithm-template/FFDFF973FD83883C2155BC0512E637C2D003ED8468FD80D7E
CC4EFD0E57BA4C5.pygtex) [144]
\openout3 = `Algorithm-template.pyg'.


(./_minted-Algorithm-template/78BCFF54474FC6C416FE398B064FE51BD003ED8468FD80D7E
CC4EFD0E57BA4C5.pygtex)
\openout3 = `Algorithm-template.pyg'.


(./_minted-Algorithm-template/03866BC6711E6B843AC68145A964D60FD003ED8468FD80D7E
CC4EFD0E57BA4C5.pygtex) [145]
\openout3 = `Algorithm-template.pyg'.

 [146]
(./_minted-Algorithm-template/17EBA8757FBEF2B570B821E8EA238ECDD003ED8468FD80D7E
CC4EFD0E57BA4C5.pygtex)
\openout3 = `Algorithm-template.pyg'.


(./_minted-Algorithm-template/DED02EBFC7314A4D988CF1962AF61F76D003ED8468FD80D7E
CC4EFD0E57BA4C5.pygtex)
\openout3 = `Algorithm-template.pyg'.


(./_minted-Algorithm-template/DE7848C94B9B981F0063625EA3C56DF5D003ED8468FD80D7E
CC4EFD0E57BA4C5.pygtex) [147]
\openout3 = `Algorithm-template.pyg'.


(./_minted-Algorithm-template/E585245FB5B35C8AD5443FE92A932EE1D003ED8468FD80D7E
CC4EFD0E57BA4C5.pygtex)
\openout3 = `Algorithm-template.pyg'.


(./_minted-Algorithm-template/3ACC83BDFEAA6035D26724BC8A417F63D003ED8468FD80D7E
CC4EFD0E57BA4C5.pygtex)
\openout3 = `Algorithm-template.pyg'.


(./_minted-Algorithm-template/C30FCBF1DDEA24E8813F20C1CE276732D003ED8468FD80D7E
CC4EFD0E57BA4C5.pygtex) [148]
\openout3 = `Algorithm-template.pyg'.


(./_minted-Algorithm-template/600B434F609096D93ACD6F7EA6E57269D003ED8468FD80D7E
CC4EFD0E57BA4C5.pygtex) [149]
\openout3 = `Algorithm-template.pyg'.


(./_minted-Algorithm-template/99E91B51B1C4C3C56AD308E80051B1C0D003ED8468FD80D7E
CC4EFD0E57BA4C5.pygtex)
\openout3 = `Algorithm-template.pyg'.


(./_minted-Algorithm-template/67BA6639D80FA2CFBF60A3E87915F2A3D003ED8468FD80D7E
CC4EFD0E57BA4C5.pygtex) [150]
\openout3 = `Algorithm-template.pyg'.


(./_minted-Algorithm-template/8E8763105F287AA13F762D0E577A6AFCD003ED8468FD80D7E
CC4EFD0E57BA4C5.pygtex) [151]
\openout3 = `Algorithm-template.pyg'.


(./_minted-Algorithm-template/C4F921410649DD63923D88C310CE281ED003ED8468FD80D7E
CC4EFD0E57BA4C5.pygtex)
\openout3 = `Algorithm-template.pyg'.


(./_minted-Algorithm-template/3F77DDE9CFED12A10FF8814381D29A02D003ED8468FD80D7E
CC4EFD0E57BA4C5.pygtex) [152]
\openout3 = `Algorithm-template.pyg'.


(./_minted-Algorithm-template/D37BE51F5D36A60F4F527311FECB75B0D003ED8468FD80D7E
CC4EFD0E57BA4C5.pygtex)
\openout3 = `Algorithm-template.pyg'.


(./_minted-Algorithm-template/5BF3DC1497BA4B1E9141E3F2C0BA1814D003ED8468FD80D7E
CC4EFD0E57BA4C5.pygtex) [153]
\openout3 = `Algorithm-template.pyg'.


(./_minted-Algorithm-template/772652BF02135FAA6751DD58CAFBE7ECD003ED8468FD80D7E
CC4EFD0E57BA4C5.pygtex)
\openout3 = `Algorithm-template.pyg'.


(./_minted-Algorithm-template/D8C5BBF643AF770E14E10DDDCDEFE5C1D003ED8468FD80D7E
CC4EFD0E57BA4C5.pygtex)
\openout3 = `Algorithm-template.pyg'.


(./_minted-Algorithm-template/7A9C85B40CC4665EF0691E776EC99733D003ED8468FD80D7E
CC4EFD0E57BA4C5.pygtex)
\openout3 = `Algorithm-template.pyg'.

 [154]
(./_minted-Algorithm-template/05403F7F9694C9C1144D0E5C4651212BD003ED8468FD80D7E
CC4EFD0E57BA4C5.pygtex)
\openout3 = `Algorithm-template.pyg'.


(./_minted-Algorithm-template/F95E0D5AB44F828167B420DA989D0D7DD003ED8468FD80D7E
CC4EFD0E57BA4C5.pygtex)
\openout3 = `Algorithm-template.pyg'.


(./_minted-Algorithm-template/532616781E8FBB948751DEED7E1B3948D003ED8468FD80D7E
CC4EFD0E57BA4C5.pygtex) [155]
\openout3 = `Algorithm-template.pyg'.


(./_minted-Algorithm-template/E2D9552BA9EB8FBA6C2E111D9C824676D003ED8468FD80D7E
CC4EFD0E57BA4C5.pygtex) [156]
\openout3 = `Algorithm-template.pyg'.


(./_minted-Algorithm-template/6D85E030B4F2523ED40A77DD56D0B3CDD003ED8468FD80D7E
CC4EFD0E57BA4C5.pygtex)
\openout3 = `Algorithm-template.pyg'.

 [157]
(./_minted-Algorithm-template/ABCD5AE1CA30580B86282921AB176841D003ED8468FD80D7E
CC4EFD0E57BA4C5.pygtex)
\openout3 = `Algorithm-template.pyg'.


(./_minted-Algorithm-template/63F18112B62CED59D014B1BD8A6DF767D003ED8468FD80D7E
CC4EFD0E57BA4C5.pygtex)
\openout3 = `Algorithm-template.pyg'.


(./_minted-Algorithm-template/B75238F06DFB4C92A62B6631A72E0DF28FDF232E5DAEE4AAD
F8DDDC89FD51D6A.pygtex)
\openout3 = `Algorithm-template.pyg'.


(./_minted-Algorithm-template/220B08D491815574B03F9380B942B2E6D003ED8468FD80D7E
CC4EFD0E57BA4C5.pygtex)
\openout3 = `Algorithm-template.pyg'.


(./_minted-Algorithm-template/C41A4BC867254A5001E48547A0832D9AD003ED8468FD80D7E
CC4EFD0E57BA4C5.pygtex) [158]
\openout3 = `Algorithm-template.pyg'.


(./_minted-Algorithm-template/062C968423974F1B02AD9DA1411BE0A3D003ED8468FD80D7E
CC4EFD0E57BA4C5.pygtex)
\openout3 = `Algorithm-template.pyg'.


(./_minted-Algorithm-template/8B435C00AE67C5CF362BC45EF2C5BDECD003ED8468FD80D7E
CC4EFD0E57BA4C5.pygtex)
\openout3 = `Algorithm-template.pyg'.


(./_minted-Algorithm-template/B7714DF5C8D66639CA93F36A0C6E29D7D003ED8468FD80D7E
CC4EFD0E57BA4C5.pygtex)
\openout3 = `Algorithm-template.pyg'.


(./_minted-Algorithm-template/8B435C00AE67C5CF362BC45EF2C5BDECD003ED8468FD80D7E
CC4EFD0E57BA4C5.pygtex)
\openout3 = `Algorithm-template.pyg'.


(./_minted-Algorithm-template/9EAEF240C3E9CACFE227308D1F85DD58D003ED8468FD80D7E
CC4EFD0E57BA4C5.pygtex)
\openout3 = `Algorithm-template.pyg'.


(./_minted-Algorithm-template/A4F7E6EFD38F10DA0F6DDC7D05BA3ECFD003ED8468FD80D7E
CC4EFD0E57BA4C5.pygtex) [159]
\openout3 = `Algorithm-template.pyg'.


(./_minted-Algorithm-template/87A3824CE7F19FFEF1C01910ADB077EBD003ED8468FD80D7E
CC4EFD0E57BA4C5.pygtex)
\openout3 = `Algorithm-template.pyg'.


(./_minted-Algorithm-template/1A9427FE45252A1230D8D864F8EC99E1D003ED8468FD80D7E
CC4EFD0E57BA4C5.pygtex)
\openout3 = `Algorithm-template.pyg'.


(./_minted-Algorithm-template/8281BA9BC96412DA262523169C92362AD003ED8468FD80D7E
CC4EFD0E57BA4C5.pygtex)
\openout3 = `Algorithm-template.pyg'.

 [160]
(./_minted-Algorithm-template/60461336B9A232B45311ECD453B11AAAD003ED8468FD80D7E
CC4EFD0E57BA4C5.pygtex)
\openout3 = `Algorithm-template.pyg'.


(./_minted-Algorithm-template/248D923E3B541E050AEFA5DFE73CF89FD003ED8468FD80D7E
CC4EFD0E57BA4C5.pygtex)
\openout3 = `Algorithm-template.pyg'.


(./_minted-Algorithm-template/6681A12BFE7EEF1682DF620DAC510B28D003ED8468FD80D7E
CC4EFD0E57BA4C5.pygtex)
\openout3 = `Algorithm-template.pyg'.


(./_minted-Algorithm-template/0A41ABA3D3958358FD64F637D3C4719CD003ED8468FD80D7E
CC4EFD0E57BA4C5.pygtex) [161]
runsystem(rm _minted-Algorithm-template/585CFEB8553A43040F5BB8DBABBA22F6D003ED8
468FD80D7ECC4EFD0E57BA4C5.pygtex)...executed.

runsystem(rm _minted-Algorithm-template/C26ACE249C6C014B9069936930FB0913D003ED8
468FD80D7ECC4EFD0E57BA4C5.pygtex)...executed.

runsystem(rm _minted-Algorithm-template/DE0A4CDE58E54321BE307C27FED9DEAED003ED8
468FD80D7ECC4EFD0E57BA4C5.pygtex)...executed.

 [162] (./Algorithm-template.aux)
 ***********
LaTeX2e <2023-11-01> patch level 1
L3 programming layer <2022/07/14>
 ***********


Package rerunfilecheck Warning: File `Algorithm-template.out' has changed.
(rerunfilecheck)                Rerun to get outlines right
(rerunfilecheck)                or use package `bookmark'.

Package rerunfilecheck Info: Checksums for `Algorithm-template.out':
(rerunfilecheck)             Before: CB72025B0B47FDAA30BC35EC859AB81B;19012
(rerunfilecheck)             After:  5FF1858B4CF622EF1F6CBFE9CEBE6C28;19052.
runsystem(rm Algorithm-template.pyg)...executed.

 ) 
Here is how much of TeX's memory you used:
 22916 strings out of 474773
 617717 string characters out of 5757724
 2022839 words of memory out of 5000000
 44030 multiletter control sequences out of 15000+600000
 573133 words of font info for 134 fonts, out of 8000000 for 9000
 1348 hyphenation exceptions out of 8191
 93i,12n,118p,1208b,902s stack positions out of 10000i,1000n,20000p,200000b,200000s

Output written on Algorithm-template.pdf (166 pages).
