\BOOKMARK [1][-]{section.1}{\376\377\145\160\143\156\176\323\147\204}{}% 1
\BOOKMARK [2][-]{subsection.1.1}{\376\377\000S\000T\210\150}{section.1}% 2
\BOOKMARK [3][-]{subsubsection.1.1.1}{\376\377\116\000\176\364\000S\000T\210\150}{subsection.1.1}% 3
\BOOKMARK [3][-]{subsubsection.1.1.2}{\376\377\116\214\176\364\000S\000T\210\150}{subsection.1.1}% 4
\BOOKMARK [3][-]{subsubsection.1.1.3}{\376\377\000F\000a\000s\000t\000R\000M\000Q\000\050\215\205\137\353\000R\000M\000Q\000\051}{subsection.1.1}% 5
\BOOKMARK [2][-]{subsection.1.2}{\376\377\123\125\214\003\150\010}{section.1}% 6
\BOOKMARK [2][-]{subsection.1.3}{\376\377\123\125\214\003\226\037\122\027}{section.1}% 7
\BOOKMARK [3][-]{subsubsection.1.3.1}{\376\377\116\000\176\364\123\125\214\003\226\037\122\027}{subsection.1.3}% 8
\BOOKMARK [3][-]{subsubsection.1.3.2}{\376\377\116\214\176\364\123\125\214\003\226\037\122\027}{subsection.1.3}% 9
\BOOKMARK [2][-]{subsection.1.4}{\376\377\123\357\122\040\130\006}{section.1}% 10
\BOOKMARK [2][-]{subsection.1.5}{\376\377\136\166\147\345\226\306}{section.1}% 11
\BOOKMARK [3][-]{subsubsection.1.5.1}{\376\377\142\151\134\125\127\337\136\166\147\345\226\306}{subsection.1.5}% 12
\BOOKMARK [3][-]{subsubsection.1.5.2}{\376\377\136\046\147\103\136\166\147\345\226\306}{subsection.1.5}% 13
\BOOKMARK [2][-]{subsection.1.6}{\376\377\124\310\136\014}{section.1}% 14
\BOOKMARK [2][-]{subsection.1.7}{\376\377\150\021\162\266\145\160\176\304}{section.1}% 15
\BOOKMARK [3][-]{subsubsection.1.7.1}{\376\377\150\021\162\266\145\160\176\304\116\012\116\214\122\006\000\050\120\015\130\236\000\051}{subsection.1.7}% 16
\BOOKMARK [3][-]{subsubsection.1.7.2}{\376\377\150\021\162\266\145\160\176\304\000\040\000\050\123\072\225\364\117\356\145\071\000+\123\072\225\364\147\345\213\342\000\051}{subsection.1.7}% 17
\BOOKMARK [3][-]{subsubsection.1.7.3}{\376\377\116\214\176\364\150\021\162\266\145\160\176\304\000\050\123\125\160\271\117\356\145\071\000+\123\072\225\364\147\345\213\342\000\051}{subsection.1.7}% 18
\BOOKMARK [3][-]{subsubsection.1.7.4}{\376\377\116\214\176\364\150\021\162\266\145\160\176\304\000\050\123\072\225\364\147\345\213\342\000+\123\072\225\364\117\356\145\071\000\051}{subsection.1.7}% 19
\BOOKMARK [3][-]{subsubsection.1.7.5}{\376\377\171\273\176\277\116\214\176\364\135\356\122\006\000+\116\214\176\364\147\345\213\342}{subsection.1.7}% 20
\BOOKMARK [2][-]{subsection.1.8}{\376\377\176\277\153\265\150\021}{section.1}% 21
\BOOKMARK [3][-]{subsubsection.1.8.1}{\376\377\176\277\153\265\150\021\116\012\116\214\122\006}{subsection.1.8}% 22
\BOOKMARK [3][-]{subsubsection.1.8.2}{\376\377\150\007\213\260\154\070\116\105\123\026\000\050\130\006\137\017\176\277\153\265\150\021\000\051}{subsection.1.8}% 23
\BOOKMARK [3][-]{subsubsection.1.8.3}{\376\377\122\250\140\001\137\000\160\271\176\277\153\265\150\021}{subsection.1.8}% 24
\BOOKMARK [3][-]{subsubsection.1.8.4}{\376\377\150\007\213\260\154\070\116\105\123\026\000\050\123\357\143\001\116\105\123\026\000/\122\250\140\001\137\000\160\271\000\051}{subsection.1.8}% 25
\BOOKMARK [3][-]{subsubsection.1.8.5}{\376\377\116\073\136\055\150\021}{subsection.1.8}% 26
\BOOKMARK [3][-]{subsubsection.1.8.6}{\376\377\123\072\225\364\117\356\145\071\116\073\136\055\150\021}{subsection.1.8}% 27
\BOOKMARK [3][-]{subsubsection.1.8.7}{\376\377\176\277\153\265\150\021\124\010\136\166}{subsection.1.8}% 28
\BOOKMARK [3][-]{subsubsection.1.8.8}{\376\377\176\277\153\265\150\021\122\006\210\302}{subsection.1.8}% 29
\BOOKMARK [3][-]{subsubsection.1.8.9}{\376\377\176\277\153\265\150\021\122\006\154\273}{subsection.1.8}% 30
\BOOKMARK [3][-]{subsubsection.1.8.10}{\376\377\142\153\143\317\176\277}{subsection.1.8}% 31
\BOOKMARK [3][-]{subsubsection.1.8.11}{\376\377\147\116\215\205\176\277\153\265\150\021}{subsection.1.8}% 32
\BOOKMARK [3][-]{subsubsection.1.8.12}{\376\377\123\125\117\247\220\022\137\122\176\277\153\265\150\021\146\364\145\260}{subsection.1.8}% 33
\BOOKMARK [3][-]{subsubsection.1.8.13}{\376\377\124\011\123\370\147\072\176\277\153\265\150\021}{subsection.1.8}% 34
\BOOKMARK [3][-]{subsubsection.1.8.14}{\376\377\123\206\123\362\176\277\153\265\150\021}{subsection.1.8}% 35
\BOOKMARK [2][-]{subsection.1.9}{\376\377\136\163\210\141\150\021}{section.1}% 36
\BOOKMARK [3][-]{subsubsection.1.9.1}{\376\377\000S\000p\000l\000a\000y}{subsection.1.9}% 37
\BOOKMARK [3][-]{subsubsection.1.9.2}{\376\377\000F\000H\000Q\000\137\000T\000r\000e\000a\000p}{subsection.1.9}% 38
\BOOKMARK [2][-]{subsection.1.10}{\376\377\000L\000i\000n\000k\000-\000C\000u\000t\000\040\000T\000r\000e\000e\000\050\000L\000C\000T\000\051}{section.1}% 39
\BOOKMARK [2][-]{subsection.1.11}{\376\377\122\006\127\127}{section.1}% 40
\BOOKMARK [3][-]{subsubsection.1.11.1}{\376\377\145\057\143\001\123\072\225\364\122\240\154\325\000\040\123\072\225\364\121\205\134\017\116\216\147\320\116\052\145\160\166\204\121\103\175\040\116\052\145\160\000\050\123\072\225\364\221\315\147\204\000\051}{subsection.1.11}% 41
\BOOKMARK [3][-]{subsubsection.1.11.2}{\376\377\122\006\127\127\127\050\176\277\211\343\121\263\123\072\225\364\117\027\145\160}{subsection.1.11}% 42
\BOOKMARK [2][-]{subsection.1.12}{\376\377\203\253\226\037}{section.1}% 43
\BOOKMARK [3][-]{subsubsection.1.12.1}{\376\377\136\046\117\356\203\253\226\037}{subsection.1.12}% 44
\BOOKMARK [3][-]{subsubsection.1.12.2}{\376\377\126\336\156\332\203\253\226\037}{subsection.1.12}% 45
\BOOKMARK [3][-]{subsubsection.1.12.3}{\376\377\150\021\116\012\203\253\226\037}{subsection.1.12}% 46
\BOOKMARK [2][-]{subsection.1.13}{\376\377\120\117\136\217\225\356\230\230}{section.1}% 47
\BOOKMARK [3][-]{subsubsection.1.13.1}{\376\377\116\214\176\364\120\117\136\217}{subsection.1.13}% 48
\BOOKMARK [3][-]{subsubsection.1.13.2}{\376\377\116\011\176\364\120\117\136\217}{subsection.1.13}% 49
\BOOKMARK [3][-]{subsubsection.1.13.3}{\376\377\126\333\176\364\120\117\136\217}{subsection.1.13}% 50
\BOOKMARK [3][-]{subsubsection.1.13.4}{\376\377\232\330\176\364\120\117\136\217}{subsection.1.13}% 51
\BOOKMARK [2][-]{subsection.1.14}{\376\377\145\164\117\123\116\214\122\006}{section.1}% 52
\BOOKMARK [2][-]{subsection.1.15}{\376\377\163\053\150\021\122\006\154\273}{section.1}% 53
\BOOKMARK [1][-]{section.2}{\376\377\150\021}{}% 54
\BOOKMARK [2][-]{subsection.2.1}{\376\377\147\000\217\321\121\154\121\161\171\126\121\110}{section.2}% 55
\BOOKMARK [3][-]{subsubsection.2.1.1}{\376\377\150\021\122\126\154\102\000L\000C\000A}{subsection.2.1}% 56
\BOOKMARK [3][-]{subsubsection.2.1.2}{\376\377\150\021\122\126\154\102\000k\176\247\171\126\121\110}{subsection.2.1}% 57
\BOOKMARK [3][-]{subsubsection.2.1.3}{\376\377\000D\000F\000S\136\217\154\102\000L\000C\000A}{subsection.2.1}% 58
\BOOKMARK [2][-]{subsection.2.2}{\376\377\147\000\134\017\165\037\142\020\150\021}{section.2}% 59
\BOOKMARK [3][-]{subsubsection.2.2.1}{\376\377\000P\000r\000i\000m}{subsection.2.2}% 60
\BOOKMARK [3][-]{subsubsection.2.2.2}{\376\377\000K\000r\000u\000s\000k\000a\000l\221\315\147\204\150\021}{subsection.2.2}% 61
\BOOKMARK [3][-]{subsubsection.2.2.3}{\376\377\000B\000o\000r\000u\000v\000k\000a}{subsection.2.2}% 62
\BOOKMARK [2][-]{subsection.2.3}{\376\377\221\315\224\376\122\126\122\006}{section.2}% 63
\BOOKMARK [2][-]{subsection.2.4}{\376\377\160\271\122\006\154\273}{section.2}% 64
\BOOKMARK [2][-]{subsection.2.5}{\376\377\150\021\116\012\124\057\123\321\137\017\124\010\136\166}{section.2}% 65
\BOOKMARK [2][-]{subsection.2.6}{\376\377\206\132\150\021}{section.2}% 66
\BOOKMARK [2][-]{subsection.2.7}{\376\377\173\033\123\141\134\024\150\021}{section.2}% 67
\BOOKMARK [2][-]{subsection.2.8}{\376\377\150\021\124\310\136\014}{section.2}% 68
\BOOKMARK [1][-]{section.3}{\376\377\126\376\213\272}{}% 69
\BOOKMARK [2][-]{subsection.3.1}{\376\377\142\323\142\121\143\222\136\217}{section.3}% 70
\BOOKMARK [2][-]{subsection.3.2}{\376\377\147\000\167\355\215\357}{section.3}% 71
\BOOKMARK [3][-]{subsubsection.3.2.1}{\376\377\000D\000i\000j\000k\000s\000t\000r\000a}{subsection.3.2}% 72
\BOOKMARK [3][-]{subsubsection.3.2.2}{\376\377\000B\000e\000l\000l\000m\000a\000n\000-\000F\000o\000r\000d}{subsection.3.2}% 73
\BOOKMARK [3][-]{subsubsection.3.2.3}{\376\377\000S\000P\000F\000A}{subsection.3.2}% 74
\BOOKMARK [3][-]{subsubsection.3.2.4}{\376\377\000F\000l\000o\000y\000d}{subsection.3.2}% 75
\BOOKMARK [3][-]{subsubsection.3.2.5}{\376\377\122\006\134\102\126\376\147\000\167\355\215\357}{subsection.3.2}% 76
\BOOKMARK [3][-]{subsubsection.3.2.6}{\376\377\124\014\117\131\147\000\167\355\215\357}{subsection.3.2}% 77
\BOOKMARK [2][-]{subsection.3.3}{\376\377\135\356\122\006\176\246\147\137}{section.3}% 78
\BOOKMARK [2][-]{subsection.3.4}{\376\377\137\072\217\336\220\032\122\006\221\317}{section.3}% 79
\BOOKMARK [2][-]{subsection.3.5}{\376\377\217\271\123\314\217\336\220\032\122\006\221\317}{section.3}% 80
\BOOKMARK [2][-]{subsection.3.6}{\376\377\160\271\123\314\217\336\220\032\122\006\221\317}{section.3}% 81
\BOOKMARK [3][-]{subsubsection.3.6.1}{\376\377\127\006\145\271\150\021}{subsection.3.6}% 82
\BOOKMARK [2][-]{subsection.3.7}{\376\377\0002\000-\000S\000A\000T}{section.3}% 83
\BOOKMARK [2][-]{subsection.3.8}{\376\377\153\047\142\311\215\357\137\204}{section.3}% 84
\BOOKMARK [2][-]{subsection.3.9}{\376\377\145\340\124\021\126\376\166\204\116\011\121\103\163\257\213\241\145\160}{section.3}% 85
\BOOKMARK [2][-]{subsection.3.10}{\376\377\117\030\123\026\136\372\126\376}{section.3}% 86
\BOOKMARK [3][-]{subsubsection.3.10.1}{\376\377\176\277\153\265\150\021\117\030\123\026\136\372\126\376}{subsection.3.10}% 87
\BOOKMARK [3][-]{subsubsection.3.10.2}{\376\377\122\115\124\016\177\000\117\030\123\026\136\372\126\376}{subsection.3.10}% 88
\BOOKMARK [3][-]{subsubsection.3.10.3}{\376\377\000S\000T\210\150\117\030\123\026\136\372\126\376}{subsection.3.10}% 89
\BOOKMARK [2][-]{subsection.3.11}{\376\377\177\121\176\334\155\101\000/\116\214\122\006\126\376}{section.3}% 90
\BOOKMARK [3][-]{subsubsection.3.11.1}{\376\377\116\214\122\006\126\376\147\323\202\162}{subsection.3.11}% 91
\BOOKMARK [3][-]{subsubsection.3.11.2}{\376\377\116\214\122\006\126\376\147\000\131\047\123\071\221\115}{subsection.3.11}% 92
\BOOKMARK [3][-]{subsubsection.3.11.3}{\376\377\116\214\122\006\126\376\123\132\137\010}{subsection.3.11}% 93
\BOOKMARK [3][-]{subsubsection.3.11.4}{\376\377\147\000\131\047\155\101}{subsection.3.11}% 94
\BOOKMARK [3][-]{subsubsection.3.11.5}{\376\377\145\340\156\220\154\107\116\012\116\013\165\114\123\357\210\114\155\101}{subsection.3.11}% 95
\BOOKMARK [3][-]{subsubsection.3.11.6}{\376\377\147\011\156\220\154\107\116\012\116\013\165\114\147\000\131\047\155\101}{subsection.3.11}% 96
\BOOKMARK [3][-]{subsubsection.3.11.7}{\376\377\147\011\156\220\154\107\116\012\116\013\165\114\147\000\134\017\155\101}{subsection.3.11}% 97
\BOOKMARK [3][-]{subsubsection.3.11.8}{\376\377\147\000\134\017\122\162}{subsection.3.11}% 98
\BOOKMARK [3][-]{subsubsection.3.11.9}{\376\377\147\000\134\017\215\071\165\050\155\101}{subsection.3.11}% 99
\BOOKMARK [3][-]{subsubsection.3.11.10}{\376\377\147\011\156\220\154\107\116\012\116\013\165\114\215\071\165\050\155\101}{subsection.3.11}% 100
\BOOKMARK [3][-]{subsubsection.3.11.11}{\376\377\000K\000M\173\227\154\325\000\050\116\214\122\006\126\376\147\000\131\047\147\103\133\214\177\216\123\071\221\115\000\051}{subsection.3.11}% 101
\BOOKMARK [3][-]{subsubsection.3.11.12}{\376\377\177\121\176\334\155\101\166\204\147\011\121\163\152\041\127\213}{subsection.3.11}% 102
\BOOKMARK [2][-]{subsection.3.12}{\376\377\220\000\155\101\144\315\117\134}{section.3}% 103
\BOOKMARK [1][-]{section.4}{\376\377\133\127\173\046\116\062}{}% 104
\BOOKMARK [2][-]{subsection.4.1}{\376\377\133\127\173\046\116\062\124\310\136\014}{section.4}% 105
\BOOKMARK [2][-]{subsection.4.2}{\376\377\000K\000M\000P}{section.4}% 106
\BOOKMARK [3][-]{subsubsection.4.2.1}{\376\377\000K\000M\000P\201\352\122\250\147\072}{subsection.4.2}% 107
\BOOKMARK [2][-]{subsection.4.3}{\376\377\000Z\121\375\145\160\000\040\000\050\000e\000x\000K\000M\000P\000\051}{section.4}% 108
\BOOKMARK [2][-]{subsection.4.4}{\376\377\000T\000r\000i\000e\377\010\133\127\121\170\150\021\377\011}{section.4}% 109
\BOOKMARK [3][-]{subsubsection.4.4.1}{\376\377\0000\0001\000T\000r\000i\000e}{subsection.4.4}% 110
\BOOKMARK [3][-]{subsubsection.4.4.2}{\376\377\123\357\143\001\116\105\123\026\000T\000r\000i\000e}{subsection.4.4}% 111
\BOOKMARK [2][-]{subsection.4.5}{\376\377\000A\000C\201\352\122\250\147\072}{section.4}% 112
\BOOKMARK [3][-]{subsubsection.4.5.1}{\376\377\116\214\217\333\122\066\122\006\176\304\000A\000C\201\352\122\250\147\072\000\050\122\250\140\001\000\051}{subsection.4.5}% 113
\BOOKMARK [2][-]{subsection.4.6}{\376\377\124\016\177\000\145\160\176\304}{section.4}% 114
\BOOKMARK [2][-]{subsection.4.7}{\376\377\124\016\177\000\201\352\122\250\147\072}{section.4}% 115
\BOOKMARK [3][-]{subsubsection.4.7.1}{\376\377\136\177\116\111\124\016\177\000\201\352\122\250\147\072}{subsection.4.7}% 116
\BOOKMARK [2][-]{subsection.4.8}{\376\377\000M\000a\000n\000a\000c\000h\000e\000r}{section.4}% 117
\BOOKMARK [2][-]{subsection.4.9}{\376\377\126\336\145\207\201\352\122\250\147\072}{section.4}% 118
\BOOKMARK [2][-]{subsection.4.10}{\376\377\000b\000i\000t\000s\000e\000t\117\030\123\026\133\127\173\046\116\062\123\071\221\115}{section.4}% 119
\BOOKMARK [2][-]{subsection.4.11}{\376\377\133\127\173\046\116\062\225\356\230\230\116\055\166\204\150\071\123\367\122\006\154\273\140\035\140\363}{section.4}% 120
\BOOKMARK [2][-]{subsection.4.12}{\376\377\000B\000o\000r\000d\000e\000r\000\040\000S\000e\000r\000i\000e\000s}{section.4}% 121
\BOOKMARK [3][-]{subsubsection.4.12.1}{\376\377\000P\000a\000l\000i\000n\000d\000r\000o\000m\000e\000\040\000s\000e\000r\000i\000e\000s}{subsection.4.12}% 122
\BOOKMARK [1][-]{section.5}{\376\377\122\250\140\001\211\304\122\022}{}% 123
\BOOKMARK [2][-]{subsection.5.1}{\376\377\200\314\123\005}{section.5}% 124
\BOOKMARK [3][-]{subsubsection.5.1.1}{\376\377\0000\0001\200\314\123\005}{subsection.5.1}% 125
\BOOKMARK [3][-]{subsubsection.5.1.2}{\376\377\133\214\121\150\200\314\123\005}{subsection.5.1}% 126
\BOOKMARK [3][-]{subsubsection.5.1.3}{\376\377\116\214\217\333\122\066\117\030\123\026\131\032\221\315\200\314\123\005}{subsection.5.1}% 127
\BOOKMARK [3][-]{subsubsection.5.1.4}{\376\377\122\006\176\304\200\314\123\005}{subsection.5.1}% 128
\BOOKMARK [3][-]{subsubsection.5.1.5}{\376\377\150\021\116\012\200\314\123\005}{subsection.5.1}% 129
\BOOKMARK [2][-]{subsection.5.2}{\376\377\143\142\150\071\000D\000P}{section.5}% 130
\BOOKMARK [2][-]{subsection.5.3}{\376\377\162\266\123\213\000D\000P}{section.5}% 131
\BOOKMARK [2][-]{subsection.5.4}{\376\377\123\125\214\003\226\037\122\027\117\030\123\026\000d\000p}{section.5}% 132
\BOOKMARK [2][-]{subsection.5.5}{\376\377\127\372\163\257\150\021\000D\000P}{section.5}% 133
\BOOKMARK [2][-]{subsection.5.6}{\376\377\145\234\163\207\117\030\123\026}{section.5}% 134
\BOOKMARK [2][-]{subsection.5.7}{\376\377\122\250\140\001\000D\000P}{section.5}% 135
\BOOKMARK [2][-]{subsection.5.8}{\376\377\121\263\173\126\123\125\214\003\140\047\117\030\123\026\217\154\171\373}{section.5}% 136
\BOOKMARK [1][-]{section.6}{\376\377\145\160\213\272}{}% 137
\BOOKMARK [2][-]{subsection.6.1}{\376\377\215\050\145\160\000/\176\246\145\160}{section.6}% 138
\BOOKMARK [3][-]{subsubsection.6.1.1}{\376\377\165\061\176\277\140\047\173\133\154\102\142\100\147\011\176\246\145\160}{subsection.6.1}% 139
\BOOKMARK [3][-]{subsubsection.6.1.2}{\376\377\000P\000o\000l\000l\000a\000r\000d\000R\000h\000o}{subsection.6.1}% 140
\BOOKMARK [2][-]{subsection.6.2}{\376\377\176\277\140\047\230\204\131\004\164\006\220\006\121\103}{section.6}% 141
\BOOKMARK [2][-]{subsection.6.3}{\376\377\000E\000x\000g\000c\000d}{section.6}% 142
\BOOKMARK [2][-]{subsection.6.4}{\376\377\116\055\126\375\122\151\117\131\133\232\164\006}{section.6}% 143
\BOOKMARK [1][-]{section.7}{\376\377\176\277\140\047\116\343\145\160}{}% 144
\BOOKMARK [2][-]{subsection.7.1}{\376\377\167\351\226\065}{section.7}% 145
\BOOKMARK [2][-]{subsection.7.2}{\376\377\232\330\145\257\155\210\121\103}{section.7}% 146
\BOOKMARK [3][-]{subsubsection.7.2.1}{\376\377\000b\000i\000t\000s\000e\000t\117\030\123\026\211\343\137\002\142\026\145\271\172\013\176\304}{subsection.7.2}% 147
\BOOKMARK [2][-]{subsection.7.3}{\376\377\154\102\210\114\122\027\137\017}{section.7}% 148
\BOOKMARK [2][-]{subsection.7.4}{\376\377\176\277\140\047\127\372}{section.7}% 149
\BOOKMARK [1][-]{section.8}{\376\377\147\102\230\171}{}% 150
\BOOKMARK [2][-]{subsection.8.1}{\376\377\145\220\154\342\220\243\131\121\176\323\213\272}{section.8}% 151
\BOOKMARK [2][-]{subsection.8.2}{\376\377\122\007\153\324\226\352\131\053\215\335\171\273\116\016\146\374\124\310\230\177\215\335\171\273\217\154\123\026}{section.8}% 152
\BOOKMARK [2][-]{subsection.8.3}{\376\377\137\353\220\037\143\222\136\217\154\102\173\054\000k\134\017}{section.8}% 153
\BOOKMARK [2][-]{subsection.8.4}{\376\377\137\122\136\166\143\222\136\217}{section.8}% 154
\BOOKMARK [2][-]{subsection.8.5}{\376\377\116\214\122\006\166\204\0000\0001\122\006\145\160\211\304\122\022}{section.8}% 155
\BOOKMARK [2][-]{subsection.8.6}{\376\377\116\011\122\006}{section.8}% 156
\BOOKMARK [2][-]{subsection.8.7}{\376\377\142\230\123\112\144\034\175\042}{section.8}% 157
\BOOKMARK [2][-]{subsection.8.8}{\376\377\123\072\225\364\124\010\136\166}{section.8}% 158
\BOOKMARK [2][-]{subsection.8.9}{\376\377\137\353\213\373\137\353\121\231}{section.8}% 159
\BOOKMARK [3][-]{subsubsection.8.9.1}{\376\377\116\244\116\222\232\330\220\037\000I\000O}{subsection.8.9}% 160
\BOOKMARK [2][-]{subsection.8.10}{\376\377\137\000\124\057\000O\0003\117\030\123\026}{section.8}% 161
\BOOKMARK [2][-]{subsection.8.11}{\376\377\123\141\145\366}{section.8}% 162
\BOOKMARK [2][-]{subsection.8.12}{\376\377\217\320\210\114\201\032\147\054}{section.8}% 163
\BOOKMARK [2][-]{subsection.8.13}{\376\377\133\371\142\315}{section.8}% 164
\BOOKMARK [3][-]{subsubsection.8.13.1}{\376\377\147\204\220\040\230\230\166\204\133\371\142\315}{subsection.8.13}% 165
\BOOKMARK [3][-]{subsubsection.8.13.2}{\376\377\226\217\147\072\165\037\142\020\145\164\145\160\136\217\122\027}{subsection.8.13}% 166
\BOOKMARK [3][-]{subsubsection.8.13.3}{\376\377\165\037\142\020\116\000\150\365\150\021}{subsection.8.13}% 167
\BOOKMARK [3][-]{subsubsection.8.13.4}{\376\377\165\037\142\020\116\000\116\052\173\200\123\125\126\376}{subsection.8.13}% 168
\BOOKMARK [3][-]{subsubsection.8.13.5}{\376\377\165\037\142\020\116\000\116\052\173\200\123\125\200\124\220\032\126\376}{subsection.8.13}% 169
\BOOKMARK [2][-]{subsection.8.14}{\376\377\155\113\172\172\225\364}{section.8}% 170
\BOOKMARK [2][-]{subsection.8.15}{\376\377\000p\000b\000d\000s}{section.8}% 171
\BOOKMARK [2][-]{subsection.8.16}{\376\377\000b\000i\000t\000s\000e\000t}{section.8}% 172
\BOOKMARK [2][-]{subsection.8.17}{\376\377\000v\000e\000c\000t\000o\000r}{section.8}% 173
\BOOKMARK [2][-]{subsection.8.18}{\376\377\000V\000S\000c\000o\000d\000e\153\324\215\133\213\276\177\156}{section.8}% 174
\BOOKMARK [2][-]{subsection.8.19}{\376\377\153\324\215\133\154\350\141\017\116\213\230\171}{section.8}% 175
